<?xml version="1.0" encoding="utf-8"?><testsuites name="pytest tests"><testsuite name="pytest" errors="0" failures="1" skipped="0" tests="42" time="361.923" timestamp="2025-12-04T10:51:58.716358+08:00" hostname="deandeMacBook-Pro.local"><testcase classname="test_auto_recovery.TestAutoRecovery" name="test_ar_01_normal_recovery" time="3.012" /><testcase classname="test_auto_recovery.TestAutoRecovery" name="test_ar_02_recovery_reset" time="5.016" /><testcase classname="test_auto_recovery.TestAutoRecovery" name="test_ar_03_disabled_recovery" time="2.007" /><testcase classname="test_config.TestConfig" name="test_cfg_01_stable_duration_config" time="3.508" /><testcase classname="test_config.TestConfig" name="test_cfg_02_auto_restart_enabled" time="0.002" /><testcase classname="test_degraded_hooks.TestDegradedHooks" name="test_dg_01_model_force_degrade" time="0.003" /><testcase classname="test_degraded_hooks.TestDegradedHooks" name="test_dg_02_ocr_pause" time="0.002" /><testcase classname="test_degraded_hooks.TestDegradedHooks" name="test_dg_03_restore" time="0.004" /><testcase classname="test_emergency_voice.TestEmergencyVoice" name="test_ev_01_emergency_auto_playback" time="0.105" /><testcase classname="test_emergency_voice.TestEmergencyVoice" name="test_ev_02_playback_throttle" time="0.531" /><testcase classname="test_emergency_voice.TestEmergencyVoice" name="test_ev_03_tts_not_available" time="0.003" /><testcase classname="test_emergency_voice_tts" name="test_emergency_voice_single_play" time="0.002" /><testcase classname="test_emergency_voice_tts" name="test_emergency_voice_throttle" time="2.110" /><testcase classname="test_emergency_voice_tts" name="test_emergency_voice_no_tts_manager" time="0.003" /><testcase classname="test_entry" name="test_camera_stale_emergency" time="0.208" /><testcase classname="test_entry" name="test_high_cpu_degraded" time="0.109" /><testcase classname="test_entry" name="test_emergency_voice_throttle" time="0.218" /><testcase classname="test_entry" name="test_auto_recovery" time="3.011" /><testcase classname="test_entry" name="test_recovery_resets_when_new_error" time="5.017" /><testcase classname="test_fail_safe_manager.TestFailSafeManager" name="test_fsm_01_emergency_mode_trigger" time="0.003" /><testcase classname="test_fail_safe_manager.TestFailSafeManager" name="test_fsm_02_degraded_mode_trigger" time="0.002" /><testcase classname="test_fail_safe_manager.TestFailSafeManager" name="test_fsm_03_repeat_trigger_throttle" time="1.037" /><testcase classname="test_fail_safe_manager.TestFailSafeManager" name="test_fsm_04_recovery" time="0.004" /><testcase classname="test_health_monitor.TestHealthMonitor" name="test_hm_01_normal_heartbeat" time="2.011" /><testcase classname="test_health_monitor.TestHealthMonitor" name="test_hm_02_camera_stale_detection" time="1.009" /><testcase classname="test_health_monitor.TestHealthMonitor" name="test_hm_03_infer_stale_detection" time="1.010" /><testcase classname="test_health_monitor.TestHealthMonitor" name="test_hm_04_cpu_mem_high_pressure" time="2.011" /><testcase classname="test_hooks" name="test_degraded_hooks_switch_model" time="0.006" /><testcase classname="test_hooks" name="test_degraded_hooks_restore" time="0.003" /><testcase classname="test_integration_stress.TestIntegrationStress" name="test_it_01_rapid_event_injection" time="30.265" /><testcase classname="test_integration_stress.TestIntegrationStress" name="test_it_02_long_running" time="135.098" /><testcase classname="test_memory_leak" name="test_memory_leak_trend" time="60.173" /><testcase classname="test_scenarios.TestScenarios" name="test_sc_01_normal_to_emergency_to_recovery_flow" time="0.006"><failure message="AssertionError: 初始状态应该是 normal&#10;assert 'safe' == 'normal'&#10;  &#10;  - normal&#10;  + safe">E   AssertionError: 初始状态应该是 normal
    assert 'safe' == 'normal'
      
      - normal
      + safe</failure></testcase><testcase classname="test_scenarios.TestScenarios" name="test_sc_02_chain_anomalies" time="8.017" /><testcase classname="test_soft_restart_boundary" name="test_auto_restart_flag_default_false" time="0.004" /><testcase classname="test_soft_restart_boundary" name="test_soft_restart_no_effect_for_now" time="0.003" /><testcase classname="test_speed_engine.TestSpeedEngine" name="test_se_01_camera_worker_normal" time="1.574" /><testcase classname="test_speed_engine.TestSpeedEngine" name="test_se_02_vision_infer_worker_normal" time="1.035" /><testcase classname="test_speed_engine.TestSpeedEngine" name="test_se_03_worker_timeout_simulation" time="1.008" /><testcase classname="test_speed_engine.TestSpeedEngine" name="test_se_04_multithread_competition" time="0.124" /><testcase classname="test_stress_longrun" name="test_stress_random_events_30s" time="31.233" /><testcase classname="test_stress_longrun" name="test_longrun_state_stability" time="61.277" /></testsuite></testsuites>