============================= test session starts ==============================
platform darwin -- Python 3.9.6, pytest-8.4.2, pluggy-1.6.0 -- /Library/Developer/CommandLineTools/usr/bin/python3
cachedir: .pytest_cache
rootdir: /Users/luanlei/Desktop/Luna-2/luna_badge_v1_2/tests/qa_1_4_1
configfile: pytest.ini
plugins: anyio-4.11.0, typeguard-4.4.4
collecting ... collected 42 items

tests/qa_1_4_1/test_auto_recovery.py::TestAutoRecovery::test_ar_01_normal_recovery 
-------------------------------- live log setup --------------------------------
2025-12-04 10:11:48 [INFO] Loaded default config from /Users/luanlei/Desktop/Luna-2/luna_badge_v1_2/config/default.yaml
2025-12-04 10:11:48 [INFO] Loaded env config from /Users/luanlei/Desktop/Luna-2/luna_badge_v1_2/config/dev.yaml
2025-12-04 10:11:48 [INFO] ConfigCenter initialized with env=dev
PASSED                                                                   [  2%]
tests/qa_1_4_1/test_auto_recovery.py::TestAutoRecovery::test_ar_02_recovery_reset PASSED [  4%]
tests/qa_1_4_1/test_auto_recovery.py::TestAutoRecovery::test_ar_03_disabled_recovery PASSED [  7%]
tests/qa_1_4_1/test_config.py::TestConfig::test_cfg_01_stable_duration_config PASSED [  9%]
tests/qa_1_4_1/test_config.py::TestConfig::test_cfg_02_auto_restart_enabled PASSED [ 11%]
tests/qa_1_4_1/test_degraded_hooks.py::TestDegradedHooks::test_dg_01_model_force_degrade PASSED [ 14%]
tests/qa_1_4_1/test_degraded_hooks.py::TestDegradedHooks::test_dg_02_ocr_pause PASSED [ 16%]
tests/qa_1_4_1/test_degraded_hooks.py::TestDegradedHooks::test_dg_03_restore PASSED [ 19%]
tests/qa_1_4_1/test_emergency_voice.py::TestEmergencyVoice::test_ev_01_emergency_auto_playback PASSED [ 21%]
tests/qa_1_4_1/test_emergency_voice.py::TestEmergencyVoice::test_ev_02_playback_throttle PASSED [ 23%]
tests/qa_1_4_1/test_emergency_voice.py::TestEmergencyVoice::test_ev_03_tts_not_available PASSED [ 26%]
tests/qa_1_4_1/test_emergency_voice_tts.py::test_emergency_voice_single_play PASSED [ 28%]
tests/qa_1_4_1/test_emergency_voice_tts.py::test_emergency_voice_throttle PASSED [ 30%]
tests/qa_1_4_1/test_emergency_voice_tts.py::test_emergency_voice_no_tts_manager PASSED [ 33%]
tests/qa_1_4_1/test_entry.py::test_camera_stale_emergency PASSED         [ 35%]
tests/qa_1_4_1/test_entry.py::test_high_cpu_degraded PASSED              [ 38%]
tests/qa_1_4_1/test_entry.py::test_emergency_voice_throttle PASSED       [ 40%]
tests/qa_1_4_1/test_entry.py::test_auto_recovery PASSED                  [ 42%]
tests/qa_1_4_1/test_entry.py::test_recovery_resets_when_new_error PASSED [ 45%]
tests/qa_1_4_1/test_fail_safe_manager.py::TestFailSafeManager::test_fsm_01_emergency_mode_trigger PASSED [ 47%]
tests/qa_1_4_1/test_fail_safe_manager.py::TestFailSafeManager::test_fsm_02_degraded_mode_trigger PASSED [ 50%]
tests/qa_1_4_1/test_fail_safe_manager.py::TestFailSafeManager::test_fsm_03_repeat_trigger_throttle PASSED [ 52%]
tests/qa_1_4_1/test_fail_safe_manager.py::TestFailSafeManager::test_fsm_04_recovery PASSED [ 54%]
tests/qa_1_4_1/test_health_monitor.py::TestHealthMonitor::test_hm_01_normal_heartbeat PASSED [ 57%]
tests/qa_1_4_1/test_health_monitor.py::TestHealthMonitor::test_hm_02_camera_stale_detection PASSED [ 59%]
tests/qa_1_4_1/test_health_monitor.py::TestHealthMonitor::test_hm_03_infer_stale_detection PASSED [ 61%]
tests/qa_1_4_1/test_health_monitor.py::TestHealthMonitor::test_hm_04_cpu_mem_high_pressure PASSED [ 64%]
tests/qa_1_4_1/test_hooks.py::test_degraded_hooks_switch_model PASSED    [ 66%]
tests/qa_1_4_1/test_hooks.py::test_degraded_hooks_restore PASSED         [ 69%]
tests/qa_1_4_1/test_integration_stress.py::TestIntegrationStress::test_it_01_rapid_event_injection FAILED [ 71%]
tests/qa_1_4_1/test_integration_stress.py::TestIntegrationStress::test_it_02_long_running FAILED [ 73%]
tests/qa_1_4_1/test_memory_leak.py::test_memory_leak_trend PASSED        [ 76%]
tests/qa_1_4_1/test_scenarios.py::TestScenarios::test_sc_01_normal_to_emergency_to_recovery_flow FAILED [ 78%]
tests/qa_1_4_1/test_scenarios.py::TestScenarios::test_sc_02_chain_anomalies FAILED [ 80%]
tests/qa_1_4_1/test_soft_restart_boundary.py::test_auto_restart_flag_default_false PASSED [ 83%]
tests/qa_1_4_1/test_soft_restart_boundary.py::test_soft_restart_no_effect_for_now PASSED [ 85%]
tests/qa_1_4_1/test_speed_engine.py::TestSpeedEngine::test_se_01_camera_worker_normal PASSED [ 88%]
tests/qa_1_4_1/test_speed_engine.py::TestSpeedEngine::test_se_02_vision_infer_worker_normal PASSED [ 90%]
tests/qa_1_4_1/test_speed_engine.py::TestSpeedEngine::test_se_03_worker_timeout_simulation PASSED [ 92%]
tests/qa_1_4_1/test_speed_engine.py::TestSpeedEngine::test_se_04_multithread_competition PASSED [ 95%]
tests/qa_1_4_1/test_stress_longrun.py::test_stress_random_events_30s PASSED [ 97%]
tests/qa_1_4_1/test_stress_longrun.py::test_longrun_state_stability PASSED [100%]

=================================== FAILURES ===================================
____________ TestIntegrationStress.test_it_01_rapid_event_injection ____________
tests/qa_1_4_1/test_integration_stress.py:60: in test_it_01_rapid_event_injection
    assert emergency_voice_calls < injector.get_stats()["injected_count"], "节流应该生效"
E   AssertionError: 节流应该生效
E   assert 68 < 60
---------------------------- Captured stderr setup -----------------------------
[2025-12-04 10:12:20] [WARNING] [core.config.config_center] ConfigCenter already initialized, skipping
[2025-12-04 10:12:20] [WARNING] [root] LogManager already initialized, skipping
------------------------------ Captured log setup ------------------------------
WARNING  core.config.config_center:config_center.py:32 ConfigCenter already initialized, skipping
WARNING  root:log_manager.py:27 LogManager already initialized, skipping
----------------------------- Captured stderr call -----------------------------
[2025-12-04 10:12:20] [DEBUG] [HealthMonitor] Event callback set
[2025-12-04 10:12:20] [INFO] [FailSafeManager] [FailSafeManager] attached to HealthMonitor
[2025-12-04 10:12:20] [DEBUG] [HealthMonitor] [HealthMonitor] run loop started
[2025-12-04 10:12:20] [INFO] [HealthMonitor] [HealthMonitor] started
[2025-12-04 10:12:20] [WARNING] [FailSafeManager] [FailSafeManager] Receive event: infer_stale
[2025-12-04 10:12:20] [DEBUG] [AutoRecoveryManager] [AutoRecovery] run loop started
[2025-12-04 10:12:20] [ERROR] [FailSafeManager] [FailSafeManager] Enter EMERGENCY mode, reason=infer_stale
[2025-12-04 10:12:20] [INFO] [AutoRecoveryManager] [AutoRecovery] started (stable_duration=2.0s, check_interval=1s)
[2025-12-04 10:12:20] [DEBUG] [AutoRecoveryManager] [AutoRecovery] Not stable enough (0.0s < 2.0s)
[2025-12-04 10:12:20] [WARNING] [EmergencyVoiceLayer] [EmergencyVoice] 当前视觉系统异常，请原地停下并注意安全。
[2025-12-04 10:12:20] [WARNING] [FailSafeManager] [FailSafeManager] Receive event: high_mem
[2025-12-04 10:12:20] [INFO] [EmergencyVoiceLayer] [EmergencyVoice] TTSManager not available, using log only
[2025-12-04 10:12:20] [WARNING] [DegradedHooks] [DegradedHooks] Applying degraded behaviour
[2025-12-04 10:12:20] [WARNING] [DegradedHooks] [DegradedHooks] VisionInferWorker not available, cannot force model switch
[2025-12-04 10:12:20] [DEBUG] [DegradedHooks] [DegradedHooks] OCRManager not available, skipping OCR pause
[2025-12-04 10:12:20] [WARNING] [HealthMonitor] [HealthMonitor] Event: infer_stale
[2025-12-04 10:12:20] [WARNING] [FailSafeManager] [FailSafeManager] Receive event: infer_stale
[2025-12-04 10:12:20] [WARNING] [HealthMonitor] [HealthMonitor] Event: infer_stale
[2025-12-04 10:12:21] [WARNING] [FailSafeManager] [FailSafeManager] Receive event: infer_stale
[2025-12-04 10:12:21] [WARNING] [HealthMonitor] [HealthMonitor] Event: infer_stale
[2025-12-04 10:12:21] [WARNING] [FailSafeManager] [FailSafeManager] Receive event: infer_stale
[2025-12-04 10:12:21] [WARNING] [HealthMonitor] [HealthMonitor] Event: infer_stale
[2025-12-04 10:12:21] [WARNING] [FailSafeManager] [FailSafeManager] Receive event: infer_stale
[2025-12-04 10:12:21] [WARNING] [HealthMonitor] [HealthMonitor] Event: infer_stale
[2025-12-04 10:12:21] [WARNING] [FailSafeManager] [FailSafeManager] Receive event: thread_hang
[2025-12-04 10:12:21] [WARNING] [FailSafeManager] [FailSafeManager] Receive event: infer_stale
[2025-12-04 10:12:21] [WARNING] [HealthMonitor] [HealthMonitor] Event: infer_stale
[2025-12-04 10:12:21] [WARNING] [FailSafeManager] [FailSafeManager] Receive event: infer_stale
[2025-12-04 10:12:21] [WARNING] [HealthMonitor] [HealthMonitor] Event: infer_stale
[2025-12-04 10:12:21] [WARNING] [FailSafeManager] [FailSafeManager] Receive event: infer_stale
[2025-12-04 10:12:21] [WARNING] [HealthMonitor] [HealthMonitor] Event: infer_stale
[2025-12-04 10:12:21] [WARNING] [FailSafeManager] [FailSafeManager] Receive event: infer_stale
[2025-12-04 10:12:21] [WARNING] [HealthMonitor] [HealthMonitor] Event: infer_stale
[2025-12-04 10:12:21] [WARNING] [FailSafeManager] [FailSafeManager] Receive event: infer_stale
[2025-12-04 10:12:21] [WARNING] [HealthMonitor] [HealthMonitor] Event: infer_stale
[2025-12-04 10:12:21] [DEBUG] [AutoRecoveryManager] [AutoRecovery] Not stable enough (0.1s < 2.0s)
[2025-12-04 10:12:21] [WARNING] [FailSafeManager] [FailSafeManager] Receive event: high_cpu
[2025-12-04 10:12:21] [WARNING] [FailSafeManager] [FailSafeManager] Receive event: infer_stale
[2025-12-04 10:12:21] [WARNING] [HealthMonitor] [HealthMonitor] Event: infer_stale
[2025-12-04 10:12:21] [WARNING] [FailSafeManager] [FailSafeManager] Receive event: infer_stale
[2025-12-04 10:12:21] [WARNING] [HealthMonitor] [HealthMonitor] Event: infer_stale
[2025-12-04 10:12:22] [WARNING] [FailSafeManager] [FailSafeManager] Receive event: infer_stale
[2025-12-04 10:12:22] [WARNING] [HealthMonitor] [HealthMonitor] Event: infer_stale
[2025-12-04 10:12:22] [WARNING] [FailSafeManager] [FailSafeManager] Receive event: infer_stale
[2025-12-04 10:12:22] [WARNING] [HealthMonitor] [HealthMonitor] Event: infer_stale
[2025-12-04 10:12:22] [WARNING] [FailSafeManager] [FailSafeManager] Receive event: infer_stale
[2025-12-04 10:12:22] [WARNING] [HealthMonitor] [HealthMonitor] Event: infer_stale
[2025-12-04 10:12:22] [WARNING] [FailSafeManager] [FailSafeManager] Receive event: camera_stale
[2025-12-04 10:12:22] [WARNING] [FailSafeManager] [FailSafeManager] Receive event: infer_stale
[2025-12-04 10:12:22] [WARNING] [HealthMonitor] [HealthMonitor] Event: infer_stale
[2025-12-04 10:12:22] [WARNING] [FailSafeManager] [FailSafeManager] Receive event: infer_stale
[2025-12-04 10:12:22] [WARNING] [HealthMonitor] [HealthMonitor] Event: infer_stale
[2025-12-04 10:12:22] [WARNING] [FailSafeManager] [FailSafeManager] Receive event: infer_stale
[2025-12-04 10:12:22] [WARNING] [HealthMonitor] [HealthMonitor] Event: infer_stale
[2025-12-04 10:12:22] [WARNING] [FailSafeManager] [FailSafeManager] Receive event: infer_stale
[2025-12-04 10:12:22] [WARNING] [HealthMonitor] [HealthMonitor] Event: infer_stale
[2025-12-04 10:12:22] [WARNING] [FailSafeManager] [FailSafeManager] Receive event: infer_stale
[2025-12-04 10:12:22] [WARNING] [HealthMonitor] [HealthMonitor] Event: infer_stale
[2025-12-04 10:12:22] [DEBUG] [AutoRecoveryManager] [AutoRecovery] Not stable enough (0.0s < 2.0s)
[2025-12-04 10:12:22] [WARNING] [FailSafeManager] [FailSafeManager] Receive event: camera_stale
[2025-12-04 10:12:22] [WARNING] [FailSafeManager] [FailSafeManager] Receive event: infer_stale
[2025-12-04 10:12:22] [WARNING] [HealthMonitor] [HealthMonitor] Event: infer_stale
[2025-12-04 10:12:22] [WARNING] [FailSafeManager] [FailSafeManager] Receive event: infer_stale
[2025-12-04 10:12:22] [WARNING] [HealthMonitor] [HealthMonitor] Event: infer_stale
[2025-12-04 10:12:23] [WARNING] [FailSafeManager] [FailSafeManager] Receive event: infer_stale
[2025-12-04 10:12:23] [WARNING] [HealthMonitor] [HealthMonitor] Event: infer_stale
[2025-12-04 10:12:23] [WARNING] [FailSafeManager] [FailSafeManager] Receive event: infer_stale
[2025-12-04 10:12:23] [WARNING] [HealthMonitor] [HealthMonitor] Event: infer_stale
[2025-12-04 10:12:23] [WARNING] [FailSafeManager] [FailSafeManager] Receive event: infer_stale
[2025-12-04 10:12:23] [WARNING] [HealthMonitor] [HealthMonitor] Event: infer_stale
[2025-12-04 10:12:23] [WARNING] [FailSafeManager] [FailSafeManager] Receive event: camera_stale
[2025-12-04 10:12:23] [WARNING] [FailSafeManager] [FailSafeManager] Receive event: infer_stale
[2025-12-04 10:12:23] [WARNING] [HealthMonitor] [HealthMonitor] Event: infer_stale
[2025-12-04 10:12:23] [WARNING] [FailSafeManager] [FailSafeManager] Receive event: infer_stale
[2025-12-04 10:12:23] [WARNING] [HealthMonitor] [HealthMonitor] Event: infer_stale
[2025-12-04 10:12:23] [WARNING] [FailSafeManager] [FailSafeManager] Receive event: infer_stale
[2025-12-04 10:12:23] [WARNING] [HealthMonitor] [HealthMonitor] Event: infer_stale
[2025-12-04 10:12:23] [WARNING] [FailSafeManager] [FailSafeManager] Receive event: infer_stale
[2025-12-04 10:12:23] [WARNING] [HealthMonitor] [HealthMonitor] Event: infer_stale
[2025-12-04 10:12:23] [DEBUG] [AutoRecoveryManager] [AutoRecovery] Not stable enough (0.1s < 2.0s)
[2025-12-04 10:12:23] [WARNING] [FailSafeManager] [FailSafeManager] Receive event: high_mem
[2025-12-04 10:12:23] [WARNING] [FailSafeManager] [FailSafeManager] Receive event: infer_stale
[2025-12-04 10:12:23] [WARNING] [HealthMonitor] [HealthMonitor] Event: infer_stale
[2025-12-04 10:12:23] [WARNING] [FailSafeManager] [FailSafeManager] Receive event: infer_stale
[2025-12-04 10:12:23] [WARNING] [HealthMonitor] [HealthMonitor] Event: infer_stale
[2025-12-04 10:12:24] [WARNING] [FailSafeManager] [FailSafeManager] Receive event: infer_stale
[2025-12-04 10:12:24] [WARNING] [HealthMonitor] [HealthMonitor] Event: infer_stale
[2025-12-04 10:12:24] [WARNING] [FailSafeManager] [FailSafeManager] Receive event: infer_stale
[2025-12-04 10:12:24] [WARNING] [HealthMonitor] [HealthMonitor] Event: infer_stale
[2025-12-04 10:12:24] [WARNING] [FailSafeManager] [FailSafeManager] Receive event: infer_stale
[2025-12-04 10:12:24] [WARNING] [HealthMonitor] [HealthMonitor] Event: infer_stale
[2025-12-04 10:12:24] [WARNING] [FailSafeManager] [FailSafeManager] Receive event: high_mem
[2025-12-04 10:12:24] [WARNING] [FailSafeManager] [FailSafeManager] Receive event: infer_stale
[2025-12-04 10:12:24] [WARNING] [HealthMonitor] [HealthMonitor] Event: infer_stale
[2025-12-04 10:12:24] [WARNING] [FailSafeManager] [FailSafeManager] Receive event: infer_stale
[2025-12-04 10:12:24] [WARNING] [HealthMonitor] [HealthMonitor] Event: infer_stale
[2025-12-04 10:12:24] [WARNING] [FailSafeManager] [FailSafeManager] Receive event: infer_stale
[2025-12-04 10:12:24] [WARNING] [HealthMonitor] [HealthMonitor] Event: infer_stale
[2025-12-04 10:12:24] [WARNING] [FailSafeManager] [FailSafeManager] Receive event: infer_stale
[2025-12-04 10:12:24] [WARNING] [HealthMonitor] [HealthMonitor] Event: infer_stale
[2025-12-04 10:12:24] [WARNING] [FailSafeManager] [FailSafeManager] Receive event: infer_stale
[2025-12-04 10:12:24] [WARNING] [HealthMonitor] [HealthMonitor] Event: infer_stale
[2025-12-04 10:12:24] [DEBUG] [AutoRecoveryManager] [AutoRecovery] Not stable enough (0.1s < 2.0s)
[2025-12-04 10:12:24] [WARNING] [FailSafeManager] [FailSafeManager] Receive event: thread_hang
[2025-12-04 10:12:24] [WARNING] [FailSafeManager] [FailSafeManager] Receive event: infer_stale
[2025-12-04 10:12:24] [WARNING] [HealthMonitor] [HealthMonitor] Event: infer_stale
[2025-12-04 10:12:24] [WARNING] [FailSafeManager] [FailSafeManager] Receive event: infer_stale
[2025-12-04 10:12:24] [WARNING] [HealthMonitor] [HealthMonitor] Event: infer_stale
[2025-12-04 10:12:25] [WARNING] [FailSafeManager] [FailSafeManager] Receive event: infer_stale
[2025-12-04 10:12:25] [WARNING] [HealthMonitor] [HealthMonitor] Event: infer_stale
[2025-12-04 10:12:25] [WARNING] [FailSafeManager] [FailSafeManager] Receive event: infer_stale
[2025-12-04 10:12:25] [WARNING] [HealthMonitor] [HealthMonitor] Event: infer_stale
[2025-12-04 10:12:25] [WARNING] [FailSafeManager] [FailSafeManager] Receive event: infer_stale
[2025-12-04 10:12:25] [WARNING] [HealthMonitor] [HealthMonitor] Event: infer_stale
[2025-12-04 10:12:25] [WARNING] [FailSafeManager] [FailSafeManager] Receive event: high_cpu
[2025-12-04 10:12:25] [WARNING] [FailSafeManager] [FailSafeManager] Receive event: infer_stale
[2025-12-04 10:12:25] [WARNING] [HealthMonitor] [HealthMonitor] Event: infer_stale
[2025-12-04 10:12:25] [WARNING] [FailSafeManager] [FailSafeManager] Receive event: infer_stale
[2025-12-04 10:12:25] [WARNING] [HealthMonitor] [HealthMonitor] Event: infer_stale
[2025-12-04 10:12:25] [WARNING] [FailSafeManager] [FailSafeManager] Receive event: infer_stale
[2025-12-04 10:12:25] [WARNING] [HealthMonitor] [HealthMonitor] Event: infer_stale
[2025-12-04 10:12:25] [WARNING] [FailSafeManager] [FailSafeManager] Receive event: infer_stale
[2025-12-04 10:12:25] [WARNING] [HealthMonitor] [HealthMonitor] Event: infer_stale
[2025-12-04 10:12:25] [WARNING] [FailSafeManager] [FailSafeManager] Receive event: infer_stale
[2025-12-04 10:12:25] [WARNING] [HealthMonitor] [HealthMonitor] Event: infer_stale
[2025-12-04 10:12:25] [DEBUG] [AutoRecoveryManager] [AutoRecovery] Not stable enough (0.0s < 2.0s)
[2025-12-04 10:12:25] [WARNING] [FailSafeManager] [FailSafeManager] Receive event: infer_stale
[2025-12-04 10:12:25] [WARNING] [FailSafeManager] [FailSafeManager] Receive event: infer_stale
[2025-12-04 10:12:25] [WARNING] [HealthMonitor] [HealthMonitor] Event: infer_stale
[2025-12-04 10:12:26] [WARNING] [FailSafeManager] [FailSafeManager] Receive event: infer_stale
[2025-12-04 10:12:26] [WARNING] [HealthMonitor] [HealthMonitor] Event: infer_stale
[2025-12-04 10:12:26] [WARNING] [FailSafeManager] [FailSafeManager] Receive event: infer_stale
[2025-12-04 10:12:26] [WARNING] [HealthMonitor] [HealthMonitor] Event: infer_stale
[2025-12-04 10:12:26] [WARNING] [FailSafeManager] [FailSafeManager] Receive event: infer_stale
[2025-12-04 10:12:26] [WARNING] [HealthMonitor] [HealthMonitor] Event: infer_stale
[2025-12-04 10:12:26] [WARNING] [FailSafeManager] [FailSafeManager] Receive event: infer_stale
[2025-12-04 10:12:26] [WARNING] [HealthMonitor] [HealthMonitor] Event: infer_stale
[2025-12-04 10:12:26] [WARNING] [FailSafeManager] [FailSafeManager] Receive event: infer_stale
[2025-12-04 10:12:26] [WARNING] [FailSafeManager] [FailSafeManager] Receive event: infer_stale
[2025-12-04 10:12:26] [WARNING] [HealthMonitor] [HealthMonitor] Event: infer_stale
[2025-12-04 10:12:26] [WARNING] [FailSafeManager] [FailSafeManager] Receive event: infer_stale
[2025-12-04 10:12:26] [WARNING] [HealthMonitor] [HealthMonitor] Event: infer_stale
[2025-12-04 10:12:26] [WARNING] [FailSafeManager] [FailSafeManager] Receive event: infer_stale
[2025-12-04 10:12:26] [WARNING] [HealthMonitor] [HealthMonitor] Event: infer_stale
[2025-12-04 10:12:26] [WARNING] [FailSafeManager] [FailSafeManager] Receive event: infer_stale
[2025-12-04 10:12:26] [WARNING] [HealthMonitor] [HealthMonitor] Event: infer_stale
[2025-12-04 10:12:26] [DEBUG] [AutoRecoveryManager] [AutoRecovery] Not stable enough (0.1s < 2.0s)
[2025-12-04 10:12:26] [WARNING] [FailSafeManager] [FailSafeManager] Receive event: infer_stale
[2025-12-04 10:12:26] [WARNING] [FailSafeManager] [FailSafeManager] Receive event: infer_stale
[2025-12-04 10:12:26] [WARNING] [HealthMonitor] [HealthMonitor] Event: infer_stale
[2025-12-04 10:12:26] [WARNING] [FailSafeManager] [FailSafeManager] Receive event: infer_stale
[2025-12-04 10:12:26] [WARNING] [HealthMonitor] [HealthMonitor] Event: infer_stale
[2025-12-04 10:12:27] [WARNING] [FailSafeManager] [FailSafeManager] Receive event: infer_stale
[2025-12-04 10:12:27] [WARNING] [HealthMonitor] [HealthMonitor] Event: infer_stale
[2025-12-04 10:12:27] [WARNING] [FailSafeManager] [FailSafeManager] Receive event: infer_stale
[2025-12-04 10:12:27] [WARNING] [HealthMonitor] [HealthMonitor] Event: infer_stale
[2025-12-04 10:12:27] [WARNING] [FailSafeManager] [FailSafeManager] Receive event: infer_stale
[2025-12-04 10:12:27] [WARNING] [HealthMonitor] [HealthMonitor] Event: infer_stale
[2025-12-04 10:12:27] [WARNING] [FailSafeManager] [FailSafeManager] Receive event: high_mem
[2025-12-04 10:12:27] [WARNING] [FailSafeManager] [FailSafeManager] Receive event: infer_stale
[2025-12-04 10:12:27] [WARNING] [HealthMonitor] [HealthMonitor] Event: infer_stale
[2025-12-04 10:12:27] [WARNING] [FailSafeManager] [FailSafeManager] Receive event: infer_stale
[2025-12-04 10:12:27] [WARNING] [HealthMonitor] [HealthMonitor] Event: infer_stale
[2025-12-04 10:12:27] [WARNING] [FailSafeManager] [FailSafeManager] Receive event: infer_stale
[2025-12-04 10:12:27] [WARNING] [HealthMonitor] [HealthMonitor] Event: infer_stale
[2025-12-04 10:12:27] [WARNING] [FailSafeManager] [FailSafeManager] Receive event: infer_stale
[2025-12-04 10:12:27] [WARNING] [HealthMonitor] [HealthMonitor] Event: infer_stale
[2025-12-04 10:12:27] [WARNING] [FailSafeManager] [FailSafeManager] Receive event: infer_stale
[2025-12-04 10:12:27] [WARNING] [HealthMonitor] [HealthMonitor] Event: infer_stale
[2025-12-04 10:12:27] [DEBUG] [AutoRecoveryManager] [AutoRecovery] Not stable enough (0.0s < 2.0s)
[2025-12-04 10:12:27] [WARNING] [FailSafeManager] [FailSafeManager] Receive event: thread_hang
[2025-12-04 10:12:27] [WARNING] [FailSafeManager] [FailSafeManager] Receive event: infer_stale
[2025-12-04 10:12:27] [WARNING] [HealthMonitor] [HealthMonitor] Event: infer_stale
[2025-12-04 10:12:27] [WARNING] [FailSafeManager] [FailSafeManager] Receive event: infer_stale
[2025-12-04 10:12:27] [WARNING] [HealthMonitor] [HealthMonitor] Event: infer_stale
[2025-12-04 10:12:28] [WARNING] [FailSafeManager] [FailSafeManager] Receive event: infer_stale
[2025-12-04 10:12:28] [WARNING] [HealthMonitor] [HealthMonitor] Event: infer_stale
[2025-12-04 10:12:28] [WARNING] [FailSafeManager] [FailSafeManager] Receive event: infer_stale
[2025-12-04 10:12:28] [WARNING] [HealthMonitor] [HealthMonitor] Event: infer_stale
[2025-12-04 10:12:28] [WARNING] [FailSafeManager] [FailSafeManager] Receive event: infer_stale
[2025-12-04 10:12:28] [WARNING] [HealthMonitor] [HealthMonitor] Event: infer_stale
[2025-12-04 10:12:28] [WARNING] [FailSafeManager] [FailSafeManager] Receive event: thread_hang
[2025-12-04 10:12:28] [WARNING] [FailSafeManager] [FailSafeManager] Receive event: infer_stale
[2025-12-04 10:12:28] [WARNING] [HealthMonitor] [HealthMonitor] Event: infer_stale
[2025-12-04 10:12:28] [WARNING] [FailSafeManager] [FailSafeManager] Receive event: infer_stale
[2025-12-04 10:12:28] [WARNING] [HealthMonitor] [HealthMonitor] Event: infer_stale
[2025-12-04 10:12:28] [WARNING] [FailSafeManager] [FailSafeManager] Receive event: infer_stale
[2025-12-04 10:12:28] [WARNING] [HealthMonitor] [HealthMonitor] Event: infer_stale
[2025-12-04 10:12:28] [WARNING] [FailSafeManager] [FailSafeManager] Receive event: infer_stale
[2025-12-04 10:12:28] [WARNING] [HealthMonitor] [HealthMonitor] Event: infer_stale
[2025-12-04 10:12:28] [WARNING] [FailSafeManager] [FailSafeManager] Receive event: infer_stale
[2025-12-04 10:12:28] [WARNING] [HealthMonitor] [HealthMonitor] Event: infer_stale
[2025-12-04 10:12:28] [DEBUG] [AutoRecoveryManager] [AutoRecovery] Not stable enough (0.0s < 2.0s)
[2025-12-04 10:12:28] [WARNING] [FailSafeManager] [FailSafeManager] Receive event: high_mem
[2025-12-04 10:12:28] [WARNING] [FailSafeManager] [FailSafeManager] Receive event: infer_stale
[2025-12-04 10:12:28] [WARNING] [HealthMonitor] [HealthMonitor] Event: infer_stale
[2025-12-04 10:12:29] [WARNING] [FailSafeManager] [FailSafeManager] Receive event: infer_stale
[2025-12-04 10:12:29] [WARNING] [HealthMonitor] [HealthMonitor] Event: infer_stale
[2025-12-04 10:12:29] [WARNING] [FailSafeManager] [FailSafeManager] Receive event: infer_stale
[2025-12-04 10:12:29] [WARNING] [HealthMonitor] [HealthMonitor] Event: infer_stale
[2025-12-04 10:12:29] [WARNING] [FailSafeManager] [FailSafeManager] Receive event: infer_stale
[2025-12-04 10:12:29] [WARNING] [HealthMonitor] [HealthMonitor] Event: infer_stale
[2025-12-04 10:12:29] [WARNING] [FailSafeManager] [FailSafeManager] Receive event: infer_stale
[2025-12-04 10:12:29] [WARNING] [FailSafeManager] [FailSafeManager] Receive event: camera_stale
[2025-12-04 10:12:29] [WARNING] [HealthMonitor] [HealthMonitor] Event: infer_stale
[2025-12-04 10:12:29] [WARNING] [FailSafeManager] [FailSafeManager] Receive event: infer_stale
[2025-12-04 10:12:29] [WARNING] [HealthMonitor] [HealthMonitor] Event: infer_stale
[2025-12-04 10:12:29] [WARNING] [FailSafeManager] [FailSafeManager] Receive event: infer_stale
[2025-12-04 10:12:29] [WARNING] [HealthMonitor] [HealthMonitor] Event: infer_stale
[2025-12-04 10:12:29] [WARNING] [FailSafeManager] [FailSafeManager] Receive event: infer_stale
[2025-12-04 10:12:29] [WARNING] [HealthMonitor] [HealthMonitor] Event: infer_stale
[2025-12-04 10:12:29] [WARNING] [FailSafeManager] [FailSafeManager] Receive event: infer_stale
[2025-12-04 10:12:29] [WARNING] [HealthMonitor] [HealthMonitor] Event: infer_stale
[2025-12-04 10:12:29] [DEBUG] [AutoRecoveryManager] [AutoRecovery] Not stable enough (0.1s < 2.0s)
[2025-12-04 10:12:29] [WARNING] [FailSafeManager] [FailSafeManager] Receive event: thread_hang
[2025-12-04 10:12:29] [WARNING] [FailSafeManager] [FailSafeManager] Receive event: infer_stale
[2025-12-04 10:12:29] [WARNING] [HealthMonitor] [HealthMonitor] Event: infer_stale
[2025-12-04 10:12:29] [WARNING] [FailSafeManager] [FailSafeManager] Receive event: infer_stale
[2025-12-04 10:12:29] [WARNING] [HealthMonitor] [HealthMonitor] Event: infer_stale
[2025-12-04 10:12:30] [WARNING] [FailSafeManager] [FailSafeManager] Receive event: infer_stale
[2025-12-04 10:12:30] [WARNING] [HealthMonitor] [HealthMonitor] Event: infer_stale
[2025-12-04 10:12:30] [WARNING] [FailSafeManager] [FailSafeManager] Receive event: infer_stale
[2025-12-04 10:12:30] [WARNING] [HealthMonitor] [HealthMonitor] Event: infer_stale
[2025-12-04 10:12:30] [WARNING] [FailSafeManager] [FailSafeManager] Receive event: infer_stale
[2025-12-04 10:12:30] [WARNING] [HealthMonitor] [HealthMonitor] Event: infer_stale
[2025-12-04 10:12:30] [WARNING] [FailSafeManager] [FailSafeManager] Receive event: thread_hang
[2025-12-04 10:12:30] [WARNING] [FailSafeManager] [FailSafeManager] Receive event: infer_stale
[2025-12-04 10:12:30] [WARNING] [HealthMonitor] [HealthMonitor] Event: infer_stale
[2025-12-04 10:12:30] [WARNING] [FailSafeManager] [FailSafeManager] Receive event: infer_stale
[2025-12-04 10:12:30] [WARNING] [HealthMonitor] [HealthMonitor] Event: infer_stale
[2025-12-04 10:12:30] [WARNING] [FailSafeManager] [FailSafeManager] Receive event: infer_stale
[2025-12-04 10:12:30] [WARNING] [HealthMonitor] [HealthMonitor] Event: infer_stale
[2025-12-04 10:12:30] [WARNING] [FailSafeManager] [FailSafeManager] Receive event: infer_stale
[2025-12-04 10:12:30] [WARNING] [HealthMonitor] [HealthMonitor] Event: infer_stale
[2025-12-04 10:12:30] [WARNING] [FailSafeManager] [FailSafeManager] Receive event: infer_stale
[2025-12-04 10:12:30] [WARNING] [HealthMonitor] [HealthMonitor] Event: infer_stale
[2025-12-04 10:12:30] [DEBUG] [AutoRecoveryManager] [AutoRecovery] Not stable enough (0.0s < 2.0s)
[2025-12-04 10:12:30] [WARNING] [FailSafeManager] [FailSafeManager] Receive event: high_mem
[2025-12-04 10:12:30] [WARNING] [FailSafeManager] [FailSafeManager] Receive event: infer_stale
[2025-12-04 10:12:30] [WARNING] [HealthMonitor] [HealthMonitor] Event: infer_stale
[2025-12-04 10:12:31] [WARNING] [FailSafeManager] [FailSafeManager] Receive event: infer_stale
[2025-12-04 10:12:31] [WARNING] [HealthMonitor] [HealthMonitor] Event: infer_stale
[2025-12-04 10:12:31] [WARNING] [FailSafeManager] [FailSafeManager] Receive event: infer_stale
[2025-12-04 10:12:31] [WARNING] [HealthMonitor] [HealthMonitor] Event: infer_stale
[2025-12-04 10:12:31] [WARNING] [FailSafeManager] [FailSafeManager] Receive event: infer_stale
[2025-12-04 10:12:31] [WARNING] [HealthMonitor] [HealthMonitor] Event: infer_stale
[2025-12-04 10:12:31] [WARNING] [FailSafeManager] [FailSafeManager] Receive event: infer_stale
[2025-12-04 10:12:31] [WARNING] [HealthMonitor] [HealthMonitor] Event: infer_stale
[2025-12-04 10:12:31] [WARNING] [FailSafeManager] [FailSafeManager] Receive event: high_cpu
[2025-12-04 10:12:31] [WARNING] [FailSafeManager] [FailSafeManager] Receive event: infer_stale
[2025-12-04 10:12:31] [WARNING] [HealthMonitor] [HealthMonitor] Event: infer_stale
[2025-12-04 10:12:31] [WARNING] [FailSafeManager] [FailSafeManager] Receive event: infer_stale
[2025-12-04 10:12:31] [WARNING] [HealthMonitor] [HealthMonitor] Event: infer_stale
[2025-12-04 10:12:31] [WARNING] [FailSafeManager] [FailSafeManager] Receive event: infer_stale
[2025-12-04 10:12:31] [WARNING] [HealthMonitor] [HealthMonitor] Event: infer_stale
[2025-12-04 10:12:31] [WARNING] [FailSafeManager] [FailSafeManager] Receive event: infer_stale
[2025-12-04 10:12:31] [WARNING] [HealthMonitor] [HealthMonitor] Event: infer_stale
[2025-12-04 10:12:31] [DEBUG] [AutoRecoveryManager] [AutoRecovery] Not stable enough (0.1s < 2.0s)
[2025-12-04 10:12:31] [WARNING] [FailSafeManager] [FailSafeManager] Receive event: infer_stale
[2025-12-04 10:12:31] [WARNING] [HealthMonitor] [HealthMonitor] Event: infer_stale
[2025-12-04 10:12:31] [WARNING] [FailSafeManager] [FailSafeManager] Receive event: thread_hang
[2025-12-04 10:12:31] [WARNING] [FailSafeManager] [FailSafeManager] Receive event: infer_stale
[2025-12-04 10:12:31] [WARNING] [HealthMonitor] [HealthMonitor] Event: infer_stale
[2025-12-04 10:12:32] [WARNING] [FailSafeManager] [FailSafeManager] Receive event: infer_stale
[2025-12-04 10:12:32] [WARNING] [HealthMonitor] [HealthMonitor] Event: infer_stale
[2025-12-04 10:12:32] [WARNING] [FailSafeManager] [FailSafeManager] Receive event: infer_stale
[2025-12-04 10:12:32] [WARNING] [HealthMonitor] [HealthMonitor] Event: infer_stale
[2025-12-04 10:12:32] [WARNING] [FailSafeManager] [FailSafeManager] Receive event: infer_stale
[2025-12-04 10:12:32] [WARNING] [HealthMonitor] [HealthMonitor] Event: infer_stale
[2025-12-04 10:12:32] [WARNING] [FailSafeManager] [FailSafeManager] Receive event: thread_hang
[2025-12-04 10:12:32] [WARNING] [FailSafeManager] [FailSafeManager] Receive event: infer_stale
[2025-12-04 10:12:32] [WARNING] [HealthMonitor] [HealthMonitor] Event: infer_stale
[2025-12-04 10:12:32] [WARNING] [FailSafeManager] [FailSafeManager] Receive event: infer_stale
[2025-12-04 10:12:32] [WARNING] [HealthMonitor] [HealthMonitor] Event: infer_stale
[2025-12-04 10:12:32] [WARNING] [FailSafeManager] [FailSafeManager] Receive event: infer_stale
[2025-12-04 10:12:32] [WARNING] [HealthMonitor] [HealthMonitor] Event: infer_stale
[2025-12-04 10:12:32] [WARNING] [FailSafeManager] [FailSafeManager] Receive event: infer_stale
[2025-12-04 10:12:32] [WARNING] [HealthMonitor] [HealthMonitor] Event: infer_stale
[2025-12-04 10:12:32] [WARNING] [FailSafeManager] [FailSafeManager] Receive event: infer_stale
[2025-12-04 10:12:32] [WARNING] [HealthMonitor] [HealthMonitor] Event: infer_stale
[2025-12-04 10:12:32] [DEBUG] [AutoRecoveryManager] [AutoRecovery] Not stable enough (0.0s < 2.0s)
[2025-12-04 10:12:32] [WARNING] [FailSafeManager] [FailSafeManager] Receive event: high_cpu
[2025-12-04 10:12:32] [WARNING] [FailSafeManager] [FailSafeManager] Receive event: infer_stale
[2025-12-04 10:12:32] [WARNING] [HealthMonitor] [HealthMonitor] Event: infer_stale
[2025-12-04 10:12:33] [WARNING] [FailSafeManager] [FailSafeManager] Receive event: infer_stale
[2025-12-04 10:12:33] [WARNING] [HealthMonitor] [HealthMonitor] Event: infer_stale
[2025-12-04 10:12:33] [WARNING] [FailSafeManager] [FailSafeManager] Receive event: infer_stale
[2025-12-04 10:12:33] [WARNING] [HealthMonitor] [HealthMonitor] Event: infer_stale
[2025-12-04 10:12:33] [WARNING] [FailSafeManager] [FailSafeManager] Receive event: infer_stale
[2025-12-04 10:12:33] [WARNING] [HealthMonitor] [HealthMonitor] Event: infer_stale
[2025-12-04 10:12:33] [WARNING] [FailSafeManager] [FailSafeManager] Receive event: infer_stale
[2025-12-04 10:12:33] [WARNING] [HealthMonitor] [HealthMonitor] Event: infer_stale
[2025-12-04 10:12:33] [WARNING] [FailSafeManager] [FailSafeManager] Receive event: infer_stale
[2025-12-04 10:12:33] [WARNING] [FailSafeManager] [FailSafeManager] Receive event: infer_stale
[2025-12-04 10:12:33] [WARNING] [HealthMonitor] [HealthMonitor] Event: infer_stale
[2025-12-04 10:12:33] [WARNING] [FailSafeManager] [FailSafeManager] Receive event: infer_stale
[2025-12-04 10:12:33] [WARNING] [HealthMonitor] [HealthMonitor] Event: infer_stale
[2025-12-04 10:12:33] [WARNING] [FailSafeManager] [FailSafeManager] Receive event: infer_stale
[2025-12-04 10:12:33] [WARNING] [HealthMonitor] [HealthMonitor] Event: infer_stale
[2025-12-04 10:12:33] [WARNING] [FailSafeManager] [FailSafeManager] Receive event: infer_stale
[2025-12-04 10:12:33] [WARNING] [HealthMonitor] [HealthMonitor] Event: infer_stale
[2025-12-04 10:12:33] [DEBUG] [AutoRecoveryManager] [AutoRecovery] Not stable enough (0.1s < 2.0s)
[2025-12-04 10:12:33] [WARNING] [FailSafeManager] [FailSafeManager] Receive event: infer_stale
[2025-12-04 10:12:33] [WARNING] [HealthMonitor] [HealthMonitor] Event: infer_stale
[2025-12-04 10:12:33] [WARNING] [FailSafeManager] [FailSafeManager] Receive event: infer_stale
[2025-12-04 10:12:33] [WARNING] [FailSafeManager] [FailSafeManager] Receive event: infer_stale
[2025-12-04 10:12:33] [WARNING] [HealthMonitor] [HealthMonitor] Event: infer_stale
[2025-12-04 10:12:34] [WARNING] [FailSafeManager] [FailSafeManager] Receive event: infer_stale
[2025-12-04 10:12:34] [WARNING] [HealthMonitor] [HealthMonitor] Event: infer_stale
[2025-12-04 10:12:34] [WARNING] [FailSafeManager] [FailSafeManager] Receive event: infer_stale
[2025-12-04 10:12:34] [WARNING] [HealthMonitor] [HealthMonitor] Event: infer_stale
[2025-12-04 10:12:34] [WARNING] [FailSafeManager] [FailSafeManager] Receive event: infer_stale
[2025-12-04 10:12:34] [WARNING] [HealthMonitor] [HealthMonitor] Event: infer_stale
[2025-12-04 10:12:34] [WARNING] [FailSafeManager] [FailSafeManager] Receive event: infer_stale
[2025-12-04 10:12:34] [WARNING] [HealthMonitor] [HealthMonitor] Event: infer_stale
[2025-12-04 10:12:34] [WARNING] [FailSafeManager] [FailSafeManager] Receive event: high_cpu
[2025-12-04 10:12:34] [WARNING] [FailSafeManager] [FailSafeManager] Receive event: infer_stale
[2025-12-04 10:12:34] [WARNING] [HealthMonitor] [HealthMonitor] Event: infer_stale
[2025-12-04 10:12:34] [WARNING] [FailSafeManager] [FailSafeManager] Receive event: infer_stale
[2025-12-04 10:12:34] [WARNING] [HealthMonitor] [HealthMonitor] Event: infer_stale
[2025-12-04 10:12:34] [WARNING] [FailSafeManager] [FailSafeManager] Receive event: infer_stale
[2025-12-04 10:12:34] [WARNING] [HealthMonitor] [HealthMonitor] Event: infer_stale
[2025-12-04 10:12:34] [WARNING] [FailSafeManager] [FailSafeManager] Receive event: infer_stale
[2025-12-04 10:12:34] [WARNING] [HealthMonitor] [HealthMonitor] Event: infer_stale
[2025-12-04 10:12:34] [DEBUG] [AutoRecoveryManager] [AutoRecovery] Not stable enough (0.1s < 2.0s)
[2025-12-04 10:12:34] [WARNING] [FailSafeManager] [FailSafeManager] Receive event: infer_stale
[2025-12-04 10:12:34] [WARNING] [FailSafeManager] [FailSafeManager] Receive event: thread_hang
[2025-12-04 10:12:34] [WARNING] [HealthMonitor] [HealthMonitor] Event: infer_stale
[2025-12-04 10:12:35] [WARNING] [FailSafeManager] [FailSafeManager] Receive event: infer_stale
[2025-12-04 10:12:35] [WARNING] [HealthMonitor] [HealthMonitor] Event: infer_stale
[2025-12-04 10:12:35] [WARNING] [FailSafeManager] [FailSafeManager] Receive event: infer_stale
[2025-12-04 10:12:35] [WARNING] [HealthMonitor] [HealthMonitor] Event: infer_stale
[2025-12-04 10:12:35] [WARNING] [FailSafeManager] [FailSafeManager] Receive event: infer_stale
[2025-12-04 10:12:35] [WARNING] [HealthMonitor] [HealthMonitor] Event: infer_stale
[2025-12-04 10:12:35] [WARNING] [FailSafeManager] [FailSafeManager] Receive event: infer_stale
[2025-12-04 10:12:35] [WARNING] [HealthMonitor] [HealthMonitor] Event: infer_stale
[2025-12-04 10:12:35] [WARNING] [FailSafeManager] [FailSafeManager] Receive event: high_cpu
[2025-12-04 10:12:35] [WARNING] [FailSafeManager] [FailSafeManager] Receive event: infer_stale
[2025-12-04 10:12:35] [WARNING] [HealthMonitor] [HealthMonitor] Event: infer_stale
[2025-12-04 10:12:35] [WARNING] [FailSafeManager] [FailSafeManager] Receive event: infer_stale
[2025-12-04 10:12:35] [WARNING] [HealthMonitor] [HealthMonitor] Event: infer_stale
[2025-12-04 10:12:35] [WARNING] [FailSafeManager] [FailSafeManager] Receive event: infer_stale
[2025-12-04 10:12:35] [WARNING] [HealthMonitor] [HealthMonitor] Event: infer_stale
[2025-12-04 10:12:35] [WARNING] [FailSafeManager] [FailSafeManager] Receive event: infer_stale
[2025-12-04 10:12:35] [WARNING] [HealthMonitor] [HealthMonitor] Event: infer_stale
[2025-12-04 10:12:35] [WARNING] [FailSafeManager] [FailSafeManager] Receive event: infer_stale
[2025-12-04 10:12:35] [WARNING] [HealthMonitor] [HealthMonitor] Event: infer_stale
[2025-12-04 10:12:35] [DEBUG] [AutoRecoveryManager] [AutoRecovery] Not stable enough (0.0s < 2.0s)
[2025-12-04 10:12:35] [WARNING] [FailSafeManager] [FailSafeManager] Receive event: infer_stale
[2025-12-04 10:12:35] [WARNING] [FailSafeManager] [FailSafeManager] Receive event: infer_stale
[2025-12-04 10:12:35] [WARNING] [HealthMonitor] [HealthMonitor] Event: infer_stale
[2025-12-04 10:12:36] [WARNING] [FailSafeManager] [FailSafeManager] Receive event: infer_stale
[2025-12-04 10:12:36] [WARNING] [HealthMonitor] [HealthMonitor] Event: infer_stale
[2025-12-04 10:12:36] [WARNING] [FailSafeManager] [FailSafeManager] Receive event: infer_stale
[2025-12-04 10:12:36] [WARNING] [HealthMonitor] [HealthMonitor] Event: infer_stale
[2025-12-04 10:12:36] [WARNING] [FailSafeManager] [FailSafeManager] Receive event: infer_stale
[2025-12-04 10:12:36] [WARNING] [HealthMonitor] [HealthMonitor] Event: infer_stale
[2025-12-04 10:12:36] [WARNING] [FailSafeManager] [FailSafeManager] Receive event: infer_stale
[2025-12-04 10:12:36] [WARNING] [HealthMonitor] [HealthMonitor] Event: infer_stale
[2025-12-04 10:12:36] [WARNING] [FailSafeManager] [FailSafeManager] Receive event: infer_stale
[2025-12-04 10:12:36] [WARNING] [FailSafeManager] [FailSafeManager] Receive event: infer_stale
[2025-12-04 10:12:36] [WARNING] [HealthMonitor] [HealthMonitor] Event: infer_stale
[2025-12-04 10:12:36] [WARNING] [FailSafeManager] [FailSafeManager] Receive event: infer_stale
[2025-12-04 10:12:36] [WARNING] [HealthMonitor] [HealthMonitor] Event: infer_stale
[2025-12-04 10:12:36] [WARNING] [FailSafeManager] [FailSafeManager] Receive event: infer_stale
[2025-12-04 10:12:36] [WARNING] [HealthMonitor] [HealthMonitor] Event: infer_stale
[2025-12-04 10:12:36] [WARNING] [FailSafeManager] [FailSafeManager] Receive event: infer_stale
[2025-12-04 10:12:36] [WARNING] [HealthMonitor] [HealthMonitor] Event: infer_stale
[2025-12-04 10:12:36] [DEBUG] [AutoRecoveryManager] [AutoRecovery] Not stable enough (0.1s < 2.0s)
[2025-12-04 10:12:36] [WARNING] [FailSafeManager] [FailSafeManager] Receive event: infer_stale
[2025-12-04 10:12:36] [WARNING] [HealthMonitor] [HealthMonitor] Event: infer_stale
[2025-12-04 10:12:36] [WARNING] [FailSafeManager] [FailSafeManager] Receive event: infer_stale
[2025-12-04 10:12:36] [WARNING] [FailSafeManager] [FailSafeManager] Receive event: infer_stale
[2025-12-04 10:12:36] [WARNING] [HealthMonitor] [HealthMonitor] Event: infer_stale
[2025-12-04 10:12:37] [WARNING] [FailSafeManager] [FailSafeManager] Receive event: infer_stale
[2025-12-04 10:12:37] [WARNING] [HealthMonitor] [HealthMonitor] Event: infer_stale
[2025-12-04 10:12:37] [WARNING] [FailSafeManager] [FailSafeManager] Receive event: infer_stale
[2025-12-04 10:12:37] [WARNING] [HealthMonitor] [HealthMonitor] Event: infer_stale
[2025-12-04 10:12:37] [WARNING] [FailSafeManager] [FailSafeManager] Receive event: infer_stale
[2025-12-04 10:12:37] [WARNING] [HealthMonitor] [HealthMonitor] Event: infer_stale
[2025-12-04 10:12:37] [WARNING] [FailSafeManager] [FailSafeManager] Receive event: infer_stale
[2025-12-04 10:12:37] [WARNING] [HealthMonitor] [HealthMonitor] Event: infer_stale
[2025-12-04 10:12:37] [WARNING] [FailSafeManager] [FailSafeManager] Receive event: high_mem
[2025-12-04 10:12:37] [WARNING] [FailSafeManager] [FailSafeManager] Receive event: infer_stale
[2025-12-04 10:12:37] [WARNING] [HealthMonitor] [HealthMonitor] Event: infer_stale
[2025-12-04 10:12:37] [WARNING] [FailSafeManager] [FailSafeManager] Receive event: infer_stale
[2025-12-04 10:12:37] [WARNING] [HealthMonitor] [HealthMonitor] Event: infer_stale
[2025-12-04 10:12:37] [WARNING] [FailSafeManager] [FailSafeManager] Receive event: infer_stale
[2025-12-04 10:12:37] [WARNING] [HealthMonitor] [HealthMonitor] Event: infer_stale
[2025-12-04 10:12:37] [WARNING] [FailSafeManager] [FailSafeManager] Receive event: infer_stale
[2025-12-04 10:12:37] [WARNING] [HealthMonitor] [HealthMonitor] Event: infer_stale
[2025-12-04 10:12:37] [DEBUG] [AutoRecoveryManager] [AutoRecovery] Not stable enough (0.0s < 2.0s)
[2025-12-04 10:12:37] [WARNING] [FailSafeManager] [FailSafeManager] Receive event: camera_stale
[2025-12-04 10:12:37] [WARNING] [FailSafeManager] [FailSafeManager] Receive event: infer_stale
[2025-12-04 10:12:37] [WARNING] [HealthMonitor] [HealthMonitor] Event: infer_stale
[2025-12-04 10:12:38] [WARNING] [FailSafeManager] [FailSafeManager] Receive event: infer_stale
[2025-12-04 10:12:38] [WARNING] [HealthMonitor] [HealthMonitor] Event: infer_stale
[2025-12-04 10:12:38] [WARNING] [FailSafeManager] [FailSafeManager] Receive event: infer_stale
[2025-12-04 10:12:38] [WARNING] [HealthMonitor] [HealthMonitor] Event: infer_stale
[2025-12-04 10:12:38] [WARNING] [FailSafeManager] [FailSafeManager] Receive event: infer_stale
[2025-12-04 10:12:38] [WARNING] [HealthMonitor] [HealthMonitor] Event: infer_stale
[2025-12-04 10:12:38] [WARNING] [FailSafeManager] [FailSafeManager] Receive event: infer_stale
[2025-12-04 10:12:38] [WARNING] [HealthMonitor] [HealthMonitor] Event: infer_stale
[2025-12-04 10:12:38] [WARNING] [FailSafeManager] [FailSafeManager] Receive event: high_cpu
[2025-12-04 10:12:38] [WARNING] [FailSafeManager] [FailSafeManager] Receive event: infer_stale
[2025-12-04 10:12:38] [WARNING] [HealthMonitor] [HealthMonitor] Event: infer_stale
[2025-12-04 10:12:38] [WARNING] [FailSafeManager] [FailSafeManager] Receive event: infer_stale
[2025-12-04 10:12:38] [WARNING] [HealthMonitor] [HealthMonitor] Event: infer_stale
[2025-12-04 10:12:38] [WARNING] [FailSafeManager] [FailSafeManager] Receive event: infer_stale
[2025-12-04 10:12:38] [WARNING] [HealthMonitor] [HealthMonitor] Event: infer_stale
[2025-12-04 10:12:38] [WARNING] [FailSafeManager] [FailSafeManager] Receive event: infer_stale
[2025-12-04 10:12:38] [WARNING] [HealthMonitor] [HealthMonitor] Event: infer_stale
[2025-12-04 10:12:38] [DEBUG] [AutoRecoveryManager] [AutoRecovery] Not stable enough (0.1s < 2.0s)
[2025-12-04 10:12:38] [WARNING] [FailSafeManager] [FailSafeManager] Receive event: infer_stale
[2025-12-04 10:12:38] [WARNING] [HealthMonitor] [HealthMonitor] Event: infer_stale
[2025-12-04 10:12:38] [WARNING] [FailSafeManager] [FailSafeManager] Receive event: high_cpu
[2025-12-04 10:12:38] [WARNING] [FailSafeManager] [FailSafeManager] Receive event: infer_stale
[2025-12-04 10:12:38] [WARNING] [HealthMonitor] [HealthMonitor] Event: infer_stale
[2025-12-04 10:12:39] [WARNING] [FailSafeManager] [FailSafeManager] Receive event: infer_stale
[2025-12-04 10:12:39] [WARNING] [HealthMonitor] [HealthMonitor] Event: infer_stale
[2025-12-04 10:12:39] [WARNING] [FailSafeManager] [FailSafeManager] Receive event: infer_stale
[2025-12-04 10:12:39] [WARNING] [HealthMonitor] [HealthMonitor] Event: infer_stale
[2025-12-04 10:12:39] [WARNING] [FailSafeManager] [FailSafeManager] Receive event: infer_stale
[2025-12-04 10:12:39] [WARNING] [HealthMonitor] [HealthMonitor] Event: infer_stale
[2025-12-04 10:12:39] [WARNING] [FailSafeManager] [FailSafeManager] Receive event: infer_stale
[2025-12-04 10:12:39] [WARNING] [HealthMonitor] [HealthMonitor] Event: infer_stale
[2025-12-04 10:12:39] [WARNING] [FailSafeManager] [FailSafeManager] Receive event: camera_stale
[2025-12-04 10:12:39] [WARNING] [FailSafeManager] [FailSafeManager] Receive event: infer_stale
[2025-12-04 10:12:39] [WARNING] [HealthMonitor] [HealthMonitor] Event: infer_stale
[2025-12-04 10:12:39] [WARNING] [FailSafeManager] [FailSafeManager] Receive event: infer_stale
[2025-12-04 10:12:39] [WARNING] [HealthMonitor] [HealthMonitor] Event: infer_stale
[2025-12-04 10:12:39] [WARNING] [FailSafeManager] [FailSafeManager] Receive event: infer_stale
[2025-12-04 10:12:39] [WARNING] [HealthMonitor] [HealthMonitor] Event: infer_stale
[2025-12-04 10:12:39] [WARNING] [FailSafeManager] [FailSafeManager] Receive event: infer_stale
[2025-12-04 10:12:39] [WARNING] [HealthMonitor] [HealthMonitor] Event: infer_stale
[2025-12-04 10:12:39] [DEBUG] [AutoRecoveryManager] [AutoRecovery] Not stable enough (0.1s < 2.0s)
[2025-12-04 10:12:39] [WARNING] [FailSafeManager] [FailSafeManager] Receive event: infer_stale
[2025-12-04 10:12:39] [WARNING] [HealthMonitor] [HealthMonitor] Event: infer_stale
[2025-12-04 10:12:39] [WARNING] [FailSafeManager] [FailSafeManager] Receive event: high_mem
[2025-12-04 10:12:40] [WARNING] [FailSafeManager] [FailSafeManager] Receive event: infer_stale
[2025-12-04 10:12:40] [WARNING] [HealthMonitor] [HealthMonitor] Event: infer_stale
[2025-12-04 10:12:40] [WARNING] [FailSafeManager] [FailSafeManager] Receive event: infer_stale
[2025-12-04 10:12:40] [WARNING] [HealthMonitor] [HealthMonitor] Event: infer_stale
[2025-12-04 10:12:40] [WARNING] [FailSafeManager] [FailSafeManager] Receive event: infer_stale
[2025-12-04 10:12:40] [WARNING] [HealthMonitor] [HealthMonitor] Event: infer_stale
[2025-12-04 10:12:40] [WARNING] [FailSafeManager] [FailSafeManager] Receive event: infer_stale
[2025-12-04 10:12:40] [WARNING] [HealthMonitor] [HealthMonitor] Event: infer_stale
[2025-12-04 10:12:40] [WARNING] [FailSafeManager] [FailSafeManager] Receive event: infer_stale
[2025-12-04 10:12:40] [WARNING] [FailSafeManager] [FailSafeManager] Receive event: camera_stale
[2025-12-04 10:12:40] [WARNING] [HealthMonitor] [HealthMonitor] Event: infer_stale
[2025-12-04 10:12:40] [WARNING] [FailSafeManager] [FailSafeManager] Receive event: infer_stale
[2025-12-04 10:12:40] [WARNING] [HealthMonitor] [HealthMonitor] Event: infer_stale
[2025-12-04 10:12:40] [WARNING] [FailSafeManager] [FailSafeManager] Receive event: infer_stale
[2025-12-04 10:12:40] [WARNING] [HealthMonitor] [HealthMonitor] Event: infer_stale
[2025-12-04 10:12:40] [WARNING] [FailSafeManager] [FailSafeManager] Receive event: infer_stale
[2025-12-04 10:12:40] [WARNING] [HealthMonitor] [HealthMonitor] Event: infer_stale
[2025-12-04 10:12:40] [WARNING] [FailSafeManager] [FailSafeManager] Receive event: infer_stale
[2025-12-04 10:12:40] [WARNING] [HealthMonitor] [HealthMonitor] Event: infer_stale
[2025-12-04 10:12:40] [DEBUG] [AutoRecoveryManager] [AutoRecovery] Not stable enough (0.0s < 2.0s)
[2025-12-04 10:12:40] [WARNING] [FailSafeManager] [FailSafeManager] Receive event: high_mem
[2025-12-04 10:12:40] [WARNING] [FailSafeManager] [FailSafeManager] Receive event: infer_stale
[2025-12-04 10:12:40] [WARNING] [HealthMonitor] [HealthMonitor] Event: infer_stale
[2025-12-04 10:12:41] [WARNING] [FailSafeManager] [FailSafeManager] Receive event: infer_stale
[2025-12-04 10:12:41] [WARNING] [HealthMonitor] [HealthMonitor] Event: infer_stale
[2025-12-04 10:12:41] [WARNING] [FailSafeManager] [FailSafeManager] Receive event: infer_stale
[2025-12-04 10:12:41] [WARNING] [HealthMonitor] [HealthMonitor] Event: infer_stale
[2025-12-04 10:12:41] [WARNING] [FailSafeManager] [FailSafeManager] Receive event: infer_stale
[2025-12-04 10:12:41] [WARNING] [HealthMonitor] [HealthMonitor] Event: infer_stale
[2025-12-04 10:12:41] [WARNING] [FailSafeManager] [FailSafeManager] Receive event: infer_stale
[2025-12-04 10:12:41] [WARNING] [HealthMonitor] [HealthMonitor] Event: infer_stale
[2025-12-04 10:12:41] [WARNING] [FailSafeManager] [FailSafeManager] Receive event: infer_stale
[2025-12-04 10:12:41] [WARNING] [FailSafeManager] [FailSafeManager] Receive event: infer_stale
[2025-12-04 10:12:41] [WARNING] [HealthMonitor] [HealthMonitor] Event: infer_stale
[2025-12-04 10:12:41] [WARNING] [FailSafeManager] [FailSafeManager] Receive event: infer_stale
[2025-12-04 10:12:41] [WARNING] [HealthMonitor] [HealthMonitor] Event: infer_stale
[2025-12-04 10:12:41] [WARNING] [FailSafeManager] [FailSafeManager] Receive event: infer_stale
[2025-12-04 10:12:41] [WARNING] [HealthMonitor] [HealthMonitor] Event: infer_stale
[2025-12-04 10:12:41] [WARNING] [FailSafeManager] [FailSafeManager] Receive event: infer_stale
[2025-12-04 10:12:41] [WARNING] [HealthMonitor] [HealthMonitor] Event: infer_stale
[2025-12-04 10:12:41] [DEBUG] [AutoRecoveryManager] [AutoRecovery] Not stable enough (0.1s < 2.0s)
[2025-12-04 10:12:41] [WARNING] [FailSafeManager] [FailSafeManager] Receive event: infer_stale
[2025-12-04 10:12:41] [WARNING] [HealthMonitor] [HealthMonitor] Event: infer_stale
[2025-12-04 10:12:41] [WARNING] [FailSafeManager] [FailSafeManager] Receive event: camera_stale
[2025-12-04 10:12:42] [WARNING] [FailSafeManager] [FailSafeManager] Receive event: infer_stale
[2025-12-04 10:12:42] [WARNING] [HealthMonitor] [HealthMonitor] Event: infer_stale
[2025-12-04 10:12:42] [WARNING] [FailSafeManager] [FailSafeManager] Receive event: infer_stale
[2025-12-04 10:12:42] [WARNING] [HealthMonitor] [HealthMonitor] Event: infer_stale
[2025-12-04 10:12:42] [WARNING] [FailSafeManager] [FailSafeManager] Receive event: infer_stale
[2025-12-04 10:12:42] [WARNING] [HealthMonitor] [HealthMonitor] Event: infer_stale
[2025-12-04 10:12:42] [WARNING] [FailSafeManager] [FailSafeManager] Receive event: infer_stale
[2025-12-04 10:12:42] [WARNING] [HealthMonitor] [HealthMonitor] Event: infer_stale
[2025-12-04 10:12:42] [WARNING] [FailSafeManager] [FailSafeManager] Receive event: infer_stale
[2025-12-04 10:12:42] [WARNING] [HealthMonitor] [HealthMonitor] Event: infer_stale
[2025-12-04 10:12:42] [WARNING] [FailSafeManager] [FailSafeManager] Receive event: high_mem
[2025-12-04 10:12:42] [WARNING] [FailSafeManager] [FailSafeManager] Receive event: infer_stale
[2025-12-04 10:12:42] [WARNING] [HealthMonitor] [HealthMonitor] Event: infer_stale
[2025-12-04 10:12:42] [WARNING] [FailSafeManager] [FailSafeManager] Receive event: infer_stale
[2025-12-04 10:12:42] [WARNING] [HealthMonitor] [HealthMonitor] Event: infer_stale
[2025-12-04 10:12:42] [WARNING] [FailSafeManager] [FailSafeManager] Receive event: infer_stale
[2025-12-04 10:12:42] [WARNING] [HealthMonitor] [HealthMonitor] Event: infer_stale
[2025-12-04 10:12:42] [WARNING] [FailSafeManager] [FailSafeManager] Receive event: infer_stale
[2025-12-04 10:12:42] [WARNING] [HealthMonitor] [HealthMonitor] Event: infer_stale
[2025-12-04 10:12:42] [DEBUG] [AutoRecoveryManager] [AutoRecovery] Not stable enough (0.0s < 2.0s)
[2025-12-04 10:12:42] [WARNING] [FailSafeManager] [FailSafeManager] Receive event: high_mem
[2025-12-04 10:12:42] [WARNING] [FailSafeManager] [FailSafeManager] Receive event: infer_stale
[2025-12-04 10:12:42] [WARNING] [HealthMonitor] [HealthMonitor] Event: infer_stale
[2025-12-04 10:12:43] [WARNING] [FailSafeManager] [FailSafeManager] Receive event: infer_stale
[2025-12-04 10:12:43] [WARNING] [HealthMonitor] [HealthMonitor] Event: infer_stale
[2025-12-04 10:12:43] [WARNING] [FailSafeManager] [FailSafeManager] Receive event: infer_stale
[2025-12-04 10:12:43] [WARNING] [HealthMonitor] [HealthMonitor] Event: infer_stale
[2025-12-04 10:12:43] [WARNING] [FailSafeManager] [FailSafeManager] Receive event: infer_stale
[2025-12-04 10:12:43] [WARNING] [HealthMonitor] [HealthMonitor] Event: infer_stale
[2025-12-04 10:12:43] [WARNING] [FailSafeManager] [FailSafeManager] Receive event: infer_stale
[2025-12-04 10:12:43] [WARNING] [HealthMonitor] [HealthMonitor] Event: infer_stale
[2025-12-04 10:12:43] [WARNING] [FailSafeManager] [FailSafeManager] Receive event: infer_stale
[2025-12-04 10:12:43] [WARNING] [FailSafeManager] [FailSafeManager] Receive event: infer_stale
[2025-12-04 10:12:43] [WARNING] [HealthMonitor] [HealthMonitor] Event: infer_stale
[2025-12-04 10:12:43] [WARNING] [FailSafeManager] [FailSafeManager] Receive event: infer_stale
[2025-12-04 10:12:43] [WARNING] [HealthMonitor] [HealthMonitor] Event: infer_stale
[2025-12-04 10:12:43] [WARNING] [FailSafeManager] [FailSafeManager] Receive event: infer_stale
[2025-12-04 10:12:43] [WARNING] [HealthMonitor] [HealthMonitor] Event: infer_stale
[2025-12-04 10:12:43] [WARNING] [FailSafeManager] [FailSafeManager] Receive event: infer_stale
[2025-12-04 10:12:43] [WARNING] [HealthMonitor] [HealthMonitor] Event: infer_stale
[2025-12-04 10:12:43] [DEBUG] [AutoRecoveryManager] [AutoRecovery] Not stable enough (0.1s < 2.0s)
[2025-12-04 10:12:43] [WARNING] [FailSafeManager] [FailSafeManager] Receive event: infer_stale
[2025-12-04 10:12:43] [WARNING] [HealthMonitor] [HealthMonitor] Event: infer_stale
[2025-12-04 10:12:43] [WARNING] [FailSafeManager] [FailSafeManager] Receive event: thread_hang
[2025-12-04 10:12:44] [WARNING] [FailSafeManager] [FailSafeManager] Receive event: infer_stale
[2025-12-04 10:12:44] [WARNING] [HealthMonitor] [HealthMonitor] Event: infer_stale
[2025-12-04 10:12:44] [WARNING] [FailSafeManager] [FailSafeManager] Receive event: infer_stale
[2025-12-04 10:12:44] [WARNING] [HealthMonitor] [HealthMonitor] Event: infer_stale
[2025-12-04 10:12:44] [WARNING] [FailSafeManager] [FailSafeManager] Receive event: infer_stale
[2025-12-04 10:12:44] [WARNING] [HealthMonitor] [HealthMonitor] Event: infer_stale
[2025-12-04 10:12:44] [WARNING] [FailSafeManager] [FailSafeManager] Receive event: infer_stale
[2025-12-04 10:12:44] [WARNING] [HealthMonitor] [HealthMonitor] Event: infer_stale
[2025-12-04 10:12:44] [WARNING] [FailSafeManager] [FailSafeManager] Receive event: infer_stale
[2025-12-04 10:12:44] [WARNING] [HealthMonitor] [HealthMonitor] Event: infer_stale
[2025-12-04 10:12:44] [WARNING] [FailSafeManager] [FailSafeManager] Receive event: camera_stale
[2025-12-04 10:12:44] [WARNING] [FailSafeManager] [FailSafeManager] Receive event: infer_stale
[2025-12-04 10:12:44] [WARNING] [HealthMonitor] [HealthMonitor] Event: infer_stale
[2025-12-04 10:12:44] [WARNING] [FailSafeManager] [FailSafeManager] Receive event: infer_stale
[2025-12-04 10:12:44] [WARNING] [HealthMonitor] [HealthMonitor] Event: infer_stale
[2025-12-04 10:12:44] [WARNING] [FailSafeManager] [FailSafeManager] Receive event: infer_stale
[2025-12-04 10:12:44] [WARNING] [HealthMonitor] [HealthMonitor] Event: infer_stale
[2025-12-04 10:12:44] [WARNING] [FailSafeManager] [FailSafeManager] Receive event: infer_stale
[2025-12-04 10:12:44] [WARNING] [HealthMonitor] [HealthMonitor] Event: infer_stale
[2025-12-04 10:12:44] [DEBUG] [AutoRecoveryManager] [AutoRecovery] Not stable enough (0.0s < 2.0s)
[2025-12-04 10:12:44] [WARNING] [FailSafeManager] [FailSafeManager] Receive event: infer_stale
[2025-12-04 10:12:44] [WARNING] [HealthMonitor] [HealthMonitor] Event: infer_stale
[2025-12-04 10:12:44] [WARNING] [FailSafeManager] [FailSafeManager] Receive event: high_cpu
[2025-12-04 10:12:45] [WARNING] [FailSafeManager] [FailSafeManager] Receive event: infer_stale
[2025-12-04 10:12:45] [WARNING] [HealthMonitor] [HealthMonitor] Event: infer_stale
[2025-12-04 10:12:45] [WARNING] [FailSafeManager] [FailSafeManager] Receive event: infer_stale
[2025-12-04 10:12:45] [WARNING] [HealthMonitor] [HealthMonitor] Event: infer_stale
[2025-12-04 10:12:45] [WARNING] [FailSafeManager] [FailSafeManager] Receive event: infer_stale
[2025-12-04 10:12:45] [WARNING] [HealthMonitor] [HealthMonitor] Event: infer_stale
[2025-12-04 10:12:45] [WARNING] [FailSafeManager] [FailSafeManager] Receive event: infer_stale
[2025-12-04 10:12:45] [WARNING] [HealthMonitor] [HealthMonitor] Event: infer_stale
[2025-12-04 10:12:45] [WARNING] [FailSafeManager] [FailSafeManager] Receive event: high_mem
[2025-12-04 10:12:45] [WARNING] [FailSafeManager] [FailSafeManager] Receive event: infer_stale
[2025-12-04 10:12:45] [WARNING] [HealthMonitor] [HealthMonitor] Event: infer_stale
[2025-12-04 10:12:45] [WARNING] [FailSafeManager] [FailSafeManager] Receive event: infer_stale
[2025-12-04 10:12:45] [WARNING] [HealthMonitor] [HealthMonitor] Event: infer_stale
[2025-12-04 10:12:45] [WARNING] [FailSafeManager] [FailSafeManager] Receive event: infer_stale
[2025-12-04 10:12:45] [WARNING] [HealthMonitor] [HealthMonitor] Event: infer_stale
[2025-12-04 10:12:45] [WARNING] [FailSafeManager] [FailSafeManager] Receive event: infer_stale
[2025-12-04 10:12:45] [WARNING] [HealthMonitor] [HealthMonitor] Event: infer_stale
[2025-12-04 10:12:45] [DEBUG] [AutoRecoveryManager] [AutoRecovery] Not stable enough (0.1s < 2.0s)
[2025-12-04 10:12:45] [WARNING] [FailSafeManager] [FailSafeManager] Receive event: infer_stale
[2025-12-04 10:12:45] [WARNING] [HealthMonitor] [HealthMonitor] Event: infer_stale
[2025-12-04 10:12:45] [WARNING] [FailSafeManager] [FailSafeManager] Receive event: infer_stale
[2025-12-04 10:12:46] [WARNING] [FailSafeManager] [FailSafeManager] Receive event: infer_stale
[2025-12-04 10:12:46] [WARNING] [HealthMonitor] [HealthMonitor] Event: infer_stale
[2025-12-04 10:12:46] [WARNING] [FailSafeManager] [FailSafeManager] Receive event: infer_stale
[2025-12-04 10:12:46] [WARNING] [HealthMonitor] [HealthMonitor] Event: infer_stale
[2025-12-04 10:12:46] [WARNING] [FailSafeManager] [FailSafeManager] Receive event: infer_stale
[2025-12-04 10:12:46] [WARNING] [HealthMonitor] [HealthMonitor] Event: infer_stale
[2025-12-04 10:12:46] [WARNING] [FailSafeManager] [FailSafeManager] Receive event: infer_stale
[2025-12-04 10:12:46] [WARNING] [HealthMonitor] [HealthMonitor] Event: infer_stale
[2025-12-04 10:12:46] [WARNING] [FailSafeManager] [FailSafeManager] Receive event: infer_stale
[2025-12-04 10:12:46] [WARNING] [HealthMonitor] [HealthMonitor] Event: infer_stale
[2025-12-04 10:12:46] [WARNING] [FailSafeManager] [FailSafeManager] Receive event: high_cpu
[2025-12-04 10:12:46] [WARNING] [FailSafeManager] [FailSafeManager] Receive event: infer_stale
[2025-12-04 10:12:46] [WARNING] [HealthMonitor] [HealthMonitor] Event: infer_stale
[2025-12-04 10:12:46] [WARNING] [FailSafeManager] [FailSafeManager] Receive event: infer_stale
[2025-12-04 10:12:46] [WARNING] [HealthMonitor] [HealthMonitor] Event: infer_stale
[2025-12-04 10:12:46] [WARNING] [FailSafeManager] [FailSafeManager] Receive event: infer_stale
[2025-12-04 10:12:46] [WARNING] [HealthMonitor] [HealthMonitor] Event: infer_stale
[2025-12-04 10:12:46] [WARNING] [FailSafeManager] [FailSafeManager] Receive event: infer_stale
[2025-12-04 10:12:46] [WARNING] [HealthMonitor] [HealthMonitor] Event: infer_stale
[2025-12-04 10:12:46] [DEBUG] [AutoRecoveryManager] [AutoRecovery] Not stable enough (0.1s < 2.0s)
[2025-12-04 10:12:46] [WARNING] [FailSafeManager] [FailSafeManager] Receive event: infer_stale
[2025-12-04 10:12:46] [WARNING] [HealthMonitor] [HealthMonitor] Event: infer_stale
[2025-12-04 10:12:46] [WARNING] [FailSafeManager] [FailSafeManager] Receive event: thread_hang
[2025-12-04 10:12:47] [WARNING] [FailSafeManager] [FailSafeManager] Receive event: infer_stale
[2025-12-04 10:12:47] [WARNING] [HealthMonitor] [HealthMonitor] Event: infer_stale
[2025-12-04 10:12:47] [WARNING] [FailSafeManager] [FailSafeManager] Receive event: infer_stale
[2025-12-04 10:12:47] [WARNING] [HealthMonitor] [HealthMonitor] Event: infer_stale
[2025-12-04 10:12:47] [WARNING] [FailSafeManager] [FailSafeManager] Receive event: infer_stale
[2025-12-04 10:12:47] [WARNING] [HealthMonitor] [HealthMonitor] Event: infer_stale
[2025-12-04 10:12:47] [WARNING] [FailSafeManager] [FailSafeManager] Receive event: infer_stale
[2025-12-04 10:12:47] [WARNING] [HealthMonitor] [HealthMonitor] Event: infer_stale
[2025-12-04 10:12:47] [WARNING] [FailSafeManager] [FailSafeManager] Receive event: infer_stale
[2025-12-04 10:12:47] [WARNING] [HealthMonitor] [HealthMonitor] Event: infer_stale
[2025-12-04 10:12:47] [WARNING] [FailSafeManager] [FailSafeManager] Receive event: high_cpu
[2025-12-04 10:12:47] [WARNING] [FailSafeManager] [FailSafeManager] Receive event: infer_stale
[2025-12-04 10:12:47] [WARNING] [HealthMonitor] [HealthMonitor] Event: infer_stale
[2025-12-04 10:12:47] [WARNING] [FailSafeManager] [FailSafeManager] Receive event: infer_stale
[2025-12-04 10:12:47] [WARNING] [HealthMonitor] [HealthMonitor] Event: infer_stale
[2025-12-04 10:12:47] [WARNING] [FailSafeManager] [FailSafeManager] Receive event: infer_stale
[2025-12-04 10:12:47] [WARNING] [HealthMonitor] [HealthMonitor] Event: infer_stale
[2025-12-04 10:12:47] [WARNING] [FailSafeManager] [FailSafeManager] Receive event: infer_stale
[2025-12-04 10:12:47] [WARNING] [HealthMonitor] [HealthMonitor] Event: infer_stale
[2025-12-04 10:12:47] [DEBUG] [AutoRecoveryManager] [AutoRecovery] Not stable enough (0.0s < 2.0s)
[2025-12-04 10:12:48] [WARNING] [FailSafeManager] [FailSafeManager] Receive event: thread_hang
[2025-12-04 10:12:48] [WARNING] [FailSafeManager] [FailSafeManager] Receive event: infer_stale
[2025-12-04 10:12:48] [WARNING] [HealthMonitor] [HealthMonitor] Event: infer_stale
[2025-12-04 10:12:48] [WARNING] [FailSafeManager] [FailSafeManager] Receive event: infer_stale
[2025-12-04 10:12:48] [WARNING] [HealthMonitor] [HealthMonitor] Event: infer_stale
[2025-12-04 10:12:48] [WARNING] [FailSafeManager] [FailSafeManager] Receive event: infer_stale
[2025-12-04 10:12:48] [WARNING] [HealthMonitor] [HealthMonitor] Event: infer_stale
[2025-12-04 10:12:48] [WARNING] [FailSafeManager] [FailSafeManager] Receive event: infer_stale
[2025-12-04 10:12:48] [WARNING] [HealthMonitor] [HealthMonitor] Event: infer_stale
[2025-12-04 10:12:48] [WARNING] [FailSafeManager] [FailSafeManager] Receive event: infer_stale
[2025-12-04 10:12:48] [WARNING] [HealthMonitor] [HealthMonitor] Event: infer_stale
[2025-12-04 10:12:48] [WARNING] [FailSafeManager] [FailSafeManager] Receive event: thread_hang
[2025-12-04 10:12:48] [WARNING] [FailSafeManager] [FailSafeManager] Receive event: infer_stale
[2025-12-04 10:12:48] [WARNING] [HealthMonitor] [HealthMonitor] Event: infer_stale
[2025-12-04 10:12:48] [WARNING] [FailSafeManager] [FailSafeManager] Receive event: infer_stale
[2025-12-04 10:12:48] [WARNING] [HealthMonitor] [HealthMonitor] Event: infer_stale
[2025-12-04 10:12:48] [WARNING] [FailSafeManager] [FailSafeManager] Receive event: infer_stale
[2025-12-04 10:12:48] [WARNING] [HealthMonitor] [HealthMonitor] Event: infer_stale
[2025-12-04 10:12:48] [WARNING] [FailSafeManager] [FailSafeManager] Receive event: infer_stale
[2025-12-04 10:12:48] [WARNING] [HealthMonitor] [HealthMonitor] Event: infer_stale
[2025-12-04 10:12:48] [DEBUG] [AutoRecoveryManager] [AutoRecovery] Not stable enough (0.1s < 2.0s)
[2025-12-04 10:12:48] [WARNING] [FailSafeManager] [FailSafeManager] Receive event: infer_stale
[2025-12-04 10:12:48] [WARNING] [HealthMonitor] [HealthMonitor] Event: infer_stale
[2025-12-04 10:12:49] [WARNING] [FailSafeManager] [FailSafeManager] Receive event: high_mem
[2025-12-04 10:12:49] [WARNING] [FailSafeManager] [FailSafeManager] Receive event: infer_stale
[2025-12-04 10:12:49] [WARNING] [HealthMonitor] [HealthMonitor] Event: infer_stale
[2025-12-04 10:12:49] [WARNING] [FailSafeManager] [FailSafeManager] Receive event: infer_stale
[2025-12-04 10:12:49] [WARNING] [HealthMonitor] [HealthMonitor] Event: infer_stale
[2025-12-04 10:12:49] [WARNING] [FailSafeManager] [FailSafeManager] Receive event: infer_stale
[2025-12-04 10:12:49] [WARNING] [HealthMonitor] [HealthMonitor] Event: infer_stale
[2025-12-04 10:12:49] [WARNING] [FailSafeManager] [FailSafeManager] Receive event: infer_stale
[2025-12-04 10:12:49] [WARNING] [HealthMonitor] [HealthMonitor] Event: infer_stale
[2025-12-04 10:12:49] [WARNING] [FailSafeManager] [FailSafeManager] Receive event: infer_stale
[2025-12-04 10:12:49] [WARNING] [HealthMonitor] [HealthMonitor] Event: infer_stale
[2025-12-04 10:12:49] [WARNING] [FailSafeManager] [FailSafeManager] Receive event: thread_hang
[2025-12-04 10:12:49] [WARNING] [FailSafeManager] [FailSafeManager] Receive event: infer_stale
[2025-12-04 10:12:49] [WARNING] [HealthMonitor] [HealthMonitor] Event: infer_stale
[2025-12-04 10:12:49] [WARNING] [FailSafeManager] [FailSafeManager] Receive event: infer_stale
[2025-12-04 10:12:49] [WARNING] [HealthMonitor] [HealthMonitor] Event: infer_stale
[2025-12-04 10:12:49] [WARNING] [FailSafeManager] [FailSafeManager] Receive event: infer_stale
[2025-12-04 10:12:49] [WARNING] [HealthMonitor] [HealthMonitor] Event: infer_stale
[2025-12-04 10:12:49] [WARNING] [FailSafeManager] [FailSafeManager] Receive event: infer_stale
[2025-12-04 10:12:49] [WARNING] [HealthMonitor] [HealthMonitor] Event: infer_stale
[2025-12-04 10:12:49] [DEBUG] [AutoRecoveryManager] [AutoRecovery] Not stable enough (0.0s < 2.0s)
[2025-12-04 10:12:49] [WARNING] [FailSafeManager] [FailSafeManager] Receive event: infer_stale
[2025-12-04 10:12:49] [WARNING] [HealthMonitor] [HealthMonitor] Event: infer_stale
[2025-12-04 10:12:50] [WARNING] [FailSafeManager] [FailSafeManager] Receive event: high_mem
[2025-12-04 10:12:50] [WARNING] [FailSafeManager] [FailSafeManager] Receive event: infer_stale
[2025-12-04 10:12:50] [WARNING] [HealthMonitor] [HealthMonitor] Event: infer_stale
[2025-12-04 10:12:50] [WARNING] [FailSafeManager] [FailSafeManager] Receive event: infer_stale
[2025-12-04 10:12:50] [WARNING] [HealthMonitor] [HealthMonitor] Event: infer_stale
[2025-12-04 10:12:50] [WARNING] [FailSafeManager] [FailSafeManager] Receive event: infer_stale
[2025-12-04 10:12:50] [WARNING] [HealthMonitor] [HealthMonitor] Event: infer_stale
[2025-12-04 10:12:50] [WARNING] [FailSafeManager] [FailSafeManager] Receive event: infer_stale
[2025-12-04 10:12:50] [WARNING] [HealthMonitor] [HealthMonitor] Event: infer_stale
[2025-12-04 10:12:50] [WARNING] [FailSafeManager] [FailSafeManager] Receive event: infer_stale
[2025-12-04 10:12:50] [WARNING] [HealthMonitor] [HealthMonitor] Event: infer_stale
[2025-12-04 10:12:50] [WARNING] [FailSafeManager] [FailSafeManager] Receive event: thread_hang
[2025-12-04 10:12:50] [WARNING] [FailSafeManager] [FailSafeManager] Receive event: infer_stale
[2025-12-04 10:12:50] [WARNING] [HealthMonitor] [HealthMonitor] Event: infer_stale
[2025-12-04 10:12:50] [WARNING] [FailSafeManager] [FailSafeManager] Receive event: infer_stale
[2025-12-04 10:12:50] [WARNING] [HealthMonitor] [HealthMonitor] Event: infer_stale
[2025-12-04 10:12:50] [WARNING] [FailSafeManager] [FailSafeManager] Receive event: infer_stale
[2025-12-04 10:12:50] [WARNING] [HealthMonitor] [HealthMonitor] Event: infer_stale
[2025-12-04 10:12:50] [DEBUG] [AutoRecoveryManager] [AutoRecovery] Not stable enough (0.1s < 2.0s)
[2025-12-04 10:12:50] [WARNING] [FailSafeManager] [FailSafeManager] Receive event: infer_stale
[2025-12-04 10:12:50] [WARNING] [HealthMonitor] [HealthMonitor] Event: infer_stale
[2025-12-04 10:12:51] [WARNING] [core.config.config_center] ConfigCenter already initialized, skipping
------------------------------ Captured log call -------------------------------
DEBUG    HealthMonitor:health_monitor.py:89 Event callback set
INFO     FailSafeManager:fail_safe_manager.py:68 [FailSafeManager] attached to HealthMonitor
DEBUG    HealthMonitor:health_monitor.py:133 [HealthMonitor] run loop started
INFO     HealthMonitor:health_monitor.py:97 [HealthMonitor] started
WARNING  FailSafeManager:fail_safe_manager.py:87 [FailSafeManager] Receive event: infer_stale
DEBUG    AutoRecoveryManager:auto_recovery.py:78 [AutoRecovery] run loop started
ERROR    FailSafeManager:fail_safe_manager.py:121 [FailSafeManager] Enter EMERGENCY mode, reason=infer_stale
INFO     AutoRecoveryManager:auto_recovery.py:61 [AutoRecovery] started (stable_duration=2.0s, check_interval=1s)
DEBUG    AutoRecoveryManager:auto_recovery.py:124 [AutoRecovery] Not stable enough (0.0s < 2.0s)
WARNING  EmergencyVoiceLayer:emergency_voice.py:83 [EmergencyVoice] 当前视觉系统异常，请原地停下并注意安全。
WARNING  FailSafeManager:fail_safe_manager.py:87 [FailSafeManager] Receive event: high_mem
INFO     EmergencyVoiceLayer:emergency_voice.py:98 [EmergencyVoice] TTSManager not available, using log only
WARNING  DegradedHooks:degraded_hooks.py:55 [DegradedHooks] Applying degraded behaviour
WARNING  DegradedHooks:degraded_hooks.py:75 [DegradedHooks] VisionInferWorker not available, cannot force model switch
DEBUG    DegradedHooks:degraded_hooks.py:89 [DegradedHooks] OCRManager not available, skipping OCR pause
WARNING  HealthMonitor:health_monitor.py:129 [HealthMonitor] Event: infer_stale
WARNING  FailSafeManager:fail_safe_manager.py:87 [FailSafeManager] Receive event: infer_stale
WARNING  HealthMonitor:health_monitor.py:129 [HealthMonitor] Event: infer_stale
WARNING  FailSafeManager:fail_safe_manager.py:87 [FailSafeManager] Receive event: infer_stale
WARNING  HealthMonitor:health_monitor.py:129 [HealthMonitor] Event: infer_stale
WARNING  FailSafeManager:fail_safe_manager.py:87 [FailSafeManager] Receive event: infer_stale
WARNING  HealthMonitor:health_monitor.py:129 [HealthMonitor] Event: infer_stale
WARNING  FailSafeManager:fail_safe_manager.py:87 [FailSafeManager] Receive event: infer_stale
WARNING  HealthMonitor:health_monitor.py:129 [HealthMonitor] Event: infer_stale
WARNING  FailSafeManager:fail_safe_manager.py:87 [FailSafeManager] Receive event: thread_hang
WARNING  FailSafeManager:fail_safe_manager.py:87 [FailSafeManager] Receive event: infer_stale
WARNING  HealthMonitor:health_monitor.py:129 [HealthMonitor] Event: infer_stale
WARNING  FailSafeManager:fail_safe_manager.py:87 [FailSafeManager] Receive event: infer_stale
WARNING  HealthMonitor:health_monitor.py:129 [HealthMonitor] Event: infer_stale
WARNING  FailSafeManager:fail_safe_manager.py:87 [FailSafeManager] Receive event: infer_stale
WARNING  HealthMonitor:health_monitor.py:129 [HealthMonitor] Event: infer_stale
WARNING  FailSafeManager:fail_safe_manager.py:87 [FailSafeManager] Receive event: infer_stale
WARNING  HealthMonitor:health_monitor.py:129 [HealthMonitor] Event: infer_stale
WARNING  FailSafeManager:fail_safe_manager.py:87 [FailSafeManager] Receive event: infer_stale
WARNING  HealthMonitor:health_monitor.py:129 [HealthMonitor] Event: infer_stale
DEBUG    AutoRecoveryManager:auto_recovery.py:124 [AutoRecovery] Not stable enough (0.1s < 2.0s)
WARNING  FailSafeManager:fail_safe_manager.py:87 [FailSafeManager] Receive event: high_cpu
WARNING  FailSafeManager:fail_safe_manager.py:87 [FailSafeManager] Receive event: infer_stale
WARNING  HealthMonitor:health_monitor.py:129 [HealthMonitor] Event: infer_stale
WARNING  FailSafeManager:fail_safe_manager.py:87 [FailSafeManager] Receive event: infer_stale
WARNING  HealthMonitor:health_monitor.py:129 [HealthMonitor] Event: infer_stale
WARNING  FailSafeManager:fail_safe_manager.py:87 [FailSafeManager] Receive event: infer_stale
WARNING  HealthMonitor:health_monitor.py:129 [HealthMonitor] Event: infer_stale
WARNING  FailSafeManager:fail_safe_manager.py:87 [FailSafeManager] Receive event: infer_stale
WARNING  HealthMonitor:health_monitor.py:129 [HealthMonitor] Event: infer_stale
WARNING  FailSafeManager:fail_safe_manager.py:87 [FailSafeManager] Receive event: infer_stale
WARNING  HealthMonitor:health_monitor.py:129 [HealthMonitor] Event: infer_stale
WARNING  FailSafeManager:fail_safe_manager.py:87 [FailSafeManager] Receive event: camera_stale
WARNING  FailSafeManager:fail_safe_manager.py:87 [FailSafeManager] Receive event: infer_stale
WARNING  HealthMonitor:health_monitor.py:129 [HealthMonitor] Event: infer_stale
WARNING  FailSafeManager:fail_safe_manager.py:87 [FailSafeManager] Receive event: infer_stale
WARNING  HealthMonitor:health_monitor.py:129 [HealthMonitor] Event: infer_stale
WARNING  FailSafeManager:fail_safe_manager.py:87 [FailSafeManager] Receive event: infer_stale
WARNING  HealthMonitor:health_monitor.py:129 [HealthMonitor] Event: infer_stale
WARNING  FailSafeManager:fail_safe_manager.py:87 [FailSafeManager] Receive event: infer_stale
WARNING  HealthMonitor:health_monitor.py:129 [HealthMonitor] Event: infer_stale
WARNING  FailSafeManager:fail_safe_manager.py:87 [FailSafeManager] Receive event: infer_stale
WARNING  HealthMonitor:health_monitor.py:129 [HealthMonitor] Event: infer_stale
DEBUG    AutoRecoveryManager:auto_recovery.py:124 [AutoRecovery] Not stable enough (0.0s < 2.0s)
WARNING  FailSafeManager:fail_safe_manager.py:87 [FailSafeManager] Receive event: camera_stale
WARNING  FailSafeManager:fail_safe_manager.py:87 [FailSafeManager] Receive event: infer_stale
WARNING  HealthMonitor:health_monitor.py:129 [HealthMonitor] Event: infer_stale
WARNING  FailSafeManager:fail_safe_manager.py:87 [FailSafeManager] Receive event: infer_stale
WARNING  HealthMonitor:health_monitor.py:129 [HealthMonitor] Event: infer_stale
WARNING  FailSafeManager:fail_safe_manager.py:87 [FailSafeManager] Receive event: infer_stale
WARNING  HealthMonitor:health_monitor.py:129 [HealthMonitor] Event: infer_stale
WARNING  FailSafeManager:fail_safe_manager.py:87 [FailSafeManager] Receive event: infer_stale
WARNING  HealthMonitor:health_monitor.py:129 [HealthMonitor] Event: infer_stale
WARNING  FailSafeManager:fail_safe_manager.py:87 [FailSafeManager] Receive event: infer_stale
WARNING  HealthMonitor:health_monitor.py:129 [HealthMonitor] Event: infer_stale
WARNING  FailSafeManager:fail_safe_manager.py:87 [FailSafeManager] Receive event: camera_stale
WARNING  FailSafeManager:fail_safe_manager.py:87 [FailSafeManager] Receive event: infer_stale
WARNING  HealthMonitor:health_monitor.py:129 [HealthMonitor] Event: infer_stale
WARNING  FailSafeManager:fail_safe_manager.py:87 [FailSafeManager] Receive event: infer_stale
WARNING  HealthMonitor:health_monitor.py:129 [HealthMonitor] Event: infer_stale
WARNING  FailSafeManager:fail_safe_manager.py:87 [FailSafeManager] Receive event: infer_stale
WARNING  HealthMonitor:health_monitor.py:129 [HealthMonitor] Event: infer_stale
WARNING  FailSafeManager:fail_safe_manager.py:87 [FailSafeManager] Receive event: infer_stale
WARNING  HealthMonitor:health_monitor.py:129 [HealthMonitor] Event: infer_stale
DEBUG    AutoRecoveryManager:auto_recovery.py:124 [AutoRecovery] Not stable enough (0.1s < 2.0s)
WARNING  FailSafeManager:fail_safe_manager.py:87 [FailSafeManager] Receive event: high_mem
WARNING  FailSafeManager:fail_safe_manager.py:87 [FailSafeManager] Receive event: infer_stale
WARNING  HealthMonitor:health_monitor.py:129 [HealthMonitor] Event: infer_stale
WARNING  FailSafeManager:fail_safe_manager.py:87 [FailSafeManager] Receive event: infer_stale
WARNING  HealthMonitor:health_monitor.py:129 [HealthMonitor] Event: infer_stale
WARNING  FailSafeManager:fail_safe_manager.py:87 [FailSafeManager] Receive event: infer_stale
WARNING  HealthMonitor:health_monitor.py:129 [HealthMonitor] Event: infer_stale
WARNING  FailSafeManager:fail_safe_manager.py:87 [FailSafeManager] Receive event: infer_stale
WARNING  HealthMonitor:health_monitor.py:129 [HealthMonitor] Event: infer_stale
WARNING  FailSafeManager:fail_safe_manager.py:87 [FailSafeManager] Receive event: infer_stale
WARNING  HealthMonitor:health_monitor.py:129 [HealthMonitor] Event: infer_stale
WARNING  FailSafeManager:fail_safe_manager.py:87 [FailSafeManager] Receive event: high_mem
WARNING  FailSafeManager:fail_safe_manager.py:87 [FailSafeManager] Receive event: infer_stale
WARNING  HealthMonitor:health_monitor.py:129 [HealthMonitor] Event: infer_stale
WARNING  FailSafeManager:fail_safe_manager.py:87 [FailSafeManager] Receive event: infer_stale
WARNING  HealthMonitor:health_monitor.py:129 [HealthMonitor] Event: infer_stale
WARNING  FailSafeManager:fail_safe_manager.py:87 [FailSafeManager] Receive event: infer_stale
WARNING  HealthMonitor:health_monitor.py:129 [HealthMonitor] Event: infer_stale
WARNING  FailSafeManager:fail_safe_manager.py:87 [FailSafeManager] Receive event: infer_stale
WARNING  HealthMonitor:health_monitor.py:129 [HealthMonitor] Event: infer_stale
WARNING  FailSafeManager:fail_safe_manager.py:87 [FailSafeManager] Receive event: infer_stale
WARNING  HealthMonitor:health_monitor.py:129 [HealthMonitor] Event: infer_stale
DEBUG    AutoRecoveryManager:auto_recovery.py:124 [AutoRecovery] Not stable enough (0.1s < 2.0s)
WARNING  FailSafeManager:fail_safe_manager.py:87 [FailSafeManager] Receive event: thread_hang
WARNING  FailSafeManager:fail_safe_manager.py:87 [FailSafeManager] Receive event: infer_stale
WARNING  HealthMonitor:health_monitor.py:129 [HealthMonitor] Event: infer_stale
WARNING  FailSafeManager:fail_safe_manager.py:87 [FailSafeManager] Receive event: infer_stale
WARNING  HealthMonitor:health_monitor.py:129 [HealthMonitor] Event: infer_stale
WARNING  FailSafeManager:fail_safe_manager.py:87 [FailSafeManager] Receive event: infer_stale
WARNING  HealthMonitor:health_monitor.py:129 [HealthMonitor] Event: infer_stale
WARNING  FailSafeManager:fail_safe_manager.py:87 [FailSafeManager] Receive event: infer_stale
WARNING  HealthMonitor:health_monitor.py:129 [HealthMonitor] Event: infer_stale
WARNING  FailSafeManager:fail_safe_manager.py:87 [FailSafeManager] Receive event: infer_stale
WARNING  HealthMonitor:health_monitor.py:129 [HealthMonitor] Event: infer_stale
WARNING  FailSafeManager:fail_safe_manager.py:87 [FailSafeManager] Receive event: high_cpu
WARNING  FailSafeManager:fail_safe_manager.py:87 [FailSafeManager] Receive event: infer_stale
WARNING  HealthMonitor:health_monitor.py:129 [HealthMonitor] Event: infer_stale
WARNING  FailSafeManager:fail_safe_manager.py:87 [FailSafeManager] Receive event: infer_stale
WARNING  HealthMonitor:health_monitor.py:129 [HealthMonitor] Event: infer_stale
WARNING  FailSafeManager:fail_safe_manager.py:87 [FailSafeManager] Receive event: infer_stale
WARNING  HealthMonitor:health_monitor.py:129 [HealthMonitor] Event: infer_stale
WARNING  FailSafeManager:fail_safe_manager.py:87 [FailSafeManager] Receive event: infer_stale
WARNING  HealthMonitor:health_monitor.py:129 [HealthMonitor] Event: infer_stale
WARNING  FailSafeManager:fail_safe_manager.py:87 [FailSafeManager] Receive event: infer_stale
WARNING  HealthMonitor:health_monitor.py:129 [HealthMonitor] Event: infer_stale
DEBUG    AutoRecoveryManager:auto_recovery.py:124 [AutoRecovery] Not stable enough (0.0s < 2.0s)
WARNING  FailSafeManager:fail_safe_manager.py:87 [FailSafeManager] Receive event: infer_stale
WARNING  FailSafeManager:fail_safe_manager.py:87 [FailSafeManager] Receive event: infer_stale
WARNING  HealthMonitor:health_monitor.py:129 [HealthMonitor] Event: infer_stale
WARNING  FailSafeManager:fail_safe_manager.py:87 [FailSafeManager] Receive event: infer_stale
WARNING  HealthMonitor:health_monitor.py:129 [HealthMonitor] Event: infer_stale
WARNING  FailSafeManager:fail_safe_manager.py:87 [FailSafeManager] Receive event: infer_stale
WARNING  HealthMonitor:health_monitor.py:129 [HealthMonitor] Event: infer_stale
WARNING  FailSafeManager:fail_safe_manager.py:87 [FailSafeManager] Receive event: infer_stale
WARNING  HealthMonitor:health_monitor.py:129 [HealthMonitor] Event: infer_stale
WARNING  FailSafeManager:fail_safe_manager.py:87 [FailSafeManager] Receive event: infer_stale
WARNING  HealthMonitor:health_monitor.py:129 [HealthMonitor] Event: infer_stale
WARNING  FailSafeManager:fail_safe_manager.py:87 [FailSafeManager] Receive event: infer_stale
WARNING  FailSafeManager:fail_safe_manager.py:87 [FailSafeManager] Receive event: infer_stale
WARNING  HealthMonitor:health_monitor.py:129 [HealthMonitor] Event: infer_stale
WARNING  FailSafeManager:fail_safe_manager.py:87 [FailSafeManager] Receive event: infer_stale
WARNING  HealthMonitor:health_monitor.py:129 [HealthMonitor] Event: infer_stale
WARNING  FailSafeManager:fail_safe_manager.py:87 [FailSafeManager] Receive event: infer_stale
[...]
DEBUG    AutoRecoveryManager:auto_recovery.py:124 [AutoRecovery] Not stable enough (0.0s < 2.0s)
WARNING  EmergencyVoiceLayer:emergency_voice.py:83 [EmergencyVoice] 当前视觉系统异常，请原地停下并注意安全。
INFO     EmergencyVoiceLayer:emergency_voice.py:98 [EmergencyVoice] TTSManager not available, using log only
WARNING  DegradedHooks:degraded_hooks.py:55 [DegradedHooks] Applying degraded behaviour
--------------------------- Captured stderr teardown ---------------------------
[2025-12-04 10:13:51] [WARNING] [DegradedHooks] [DegradedHooks] VisionInferWorker not available, cannot force model switch
[2025-12-04 10:13:51] [DEBUG] [DegradedHooks] [DegradedHooks] OCRManager not available, skipping OCR pause
[2025-12-04 10:13:51] [WARNING] [HealthMonitor] [HealthMonitor] Event: infer_stale
[2025-12-04 10:13:51] [WARNING] [ThreadController] [ThreadController] Stopping all speed workers...
[2025-12-04 10:13:51] [INFO] [SpeedThreadPool] Stopping 0 workers...
---------------------------- Captured log teardown -----------------------------
WARNING  ThreadController:thread_controller.py:44 [ThreadController] Stopping all speed workers...
INFO     SpeedThreadPool:speed_thread_pool.py:43 Stopping 0 workers...
___________________ TestScenarios.test_sc_02_chain_anomalies ___________________
tests/qa_1_4_1/test_scenarios.py:105: in test_sc_02_chain_anomalies
    assert SpeedContext.get_mode() == "safe", "应该进入 safe 模式"
E   AssertionError: 应该进入 safe 模式
E   assert 'normal' == 'safe'
E     
E     - safe
E     + normal
---------------------------- Captured stderr setup -----------------------------
[2025-12-04 10:13:51] [WARNING] [core.config.config_center] ConfigCenter already initialized, skipping
[2025-12-04 10:13:51] [WARNING] [root] LogManager already initialized, skipping
------------------------------ Captured log setup ------------------------------
WARNING  core.config.config_center:config_center.py:32 ConfigCenter already initialized, skipping
WARNING  root:log_manager.py:27 LogManager already initialized, skipping
----------------------------- Captured stderr call -----------------------------
[2025-12-04 10:13:51] [DEBUG] [HealthMonitor] Event callback set
[2025-12-04 10:13:51] [INFO] [FailSafeManager] [FailSafeManager] attached to HealthMonitor
[2025-12-04 10:13:51] [DEBUG] [HealthMonitor] [HealthMonitor] run loop started
[2025-12-04 10:13:51] [WARNING] [FailSafeManager] [FailSafeManager] Receive event: infer_stale
[2025-12-04 10:13:51] [WARNING] [HealthMonitor] [HealthMonitor] Event: infer_stale
[2025-12-04 10:13:51] [INFO] [HealthMonitor] [HealthMonitor] started
[2025-12-04 10:13:51] [DEBUG] [AutoRecoveryManager] [AutoRecovery] run loop started
[2025-12-04 10:13:51] [INFO] [AutoRecoveryManager] [AutoRecovery] started (stable_duration=2.0s, check_interval=0.5s)
[2025-12-04 10:13:51] [DEBUG] [AutoRecoveryManager] [AutoRecovery] Not stable enough (0.0s < 2.0s)
[2025-12-04 10:13:51] [WARNING] [FailSafeManager] [FailSafeManager] Receive event: camera_stale
[2025-12-04 10:13:51] [WARNING] [FailSafeManager] [FailSafeManager] Receive event: infer_stale
[2025-12-04 10:13:51] [WARNING] [HealthMonitor] [HealthMonitor] Event: infer_stale
[2025-12-04 10:13:51] [WARNING] [FailSafeManager] [FailSafeManager] Receive event: infer_stale
[2025-12-04 10:13:51] [WARNING] [HealthMonitor] [HealthMonitor] Event: infer_stale
[2025-12-04 10:13:51] [WARNING] [FailSafeManager] [FailSafeManager] Receive event: infer_stale
[2025-12-04 10:13:51] [WARNING] [HealthMonitor] [HealthMonitor] Event: infer_stale
[2025-12-04 10:13:51] [WARNING] [FailSafeManager] [FailSafeManager] Receive event: infer_stale
[2025-12-04 10:13:51] [WARNING] [HealthMonitor] [HealthMonitor] Event: infer_stale
[2025-12-04 10:13:51] [DEBUG] [AutoRecoveryManager] [AutoRecovery] Not stable enough (0.0s < 5.0s)
[2025-12-04 10:13:51] [WARNING] [FailSafeManager] [FailSafeManager] Receive event: infer_stale
[2025-12-04 10:13:51] [WARNING] [HealthMonitor] [HealthMonitor] Event: infer_stale
[2025-12-04 10:13:51] [WARNING] [FailSafeManager] [FailSafeManager] Receive event: infer_stale
[2025-12-04 10:13:51] [WARNING] [HealthMonitor] [HealthMonitor] Event: infer_stale
[2025-12-04 10:13:51] [WARNING] [FailSafeManager] [FailSafeManager] Receive event: infer_stale
[2025-12-04 10:13:51] [WARNING] [HealthMonitor] [HealthMonitor] Event: infer_stale
[2025-12-04 10:13:51] [WARNING] [FailSafeManager] [FailSafeManager] Receive event: infer_stale
[2025-12-04 10:13:51] [WARNING] [HealthMonitor] [HealthMonitor] Event: infer_stale
[2025-12-04 10:13:51] [WARNING] [FailSafeManager] [FailSafeManager] Receive event: infer_stale
[2025-12-04 10:13:51] [WARNING] [HealthMonitor] [HealthMonitor] Event: infer_stale
[2025-12-04 10:13:51] [WARNING] [FailSafeManager] [FailSafeManager] Receive event: infer_stale
[2025-12-04 10:13:51] [WARNING] [HealthMonitor] [HealthMonitor] Event: infer_stale
[2025-12-04 10:13:51] [WARNING] [FailSafeManager] [FailSafeManager] Receive event: infer_stale
[2025-12-04 10:13:51] [WARNING] [FailSafeManager] [FailSafeManager] Receive event: infer_stale
[2025-12-04 10:13:51] [WARNING] [HealthMonitor] [HealthMonitor] Event: infer_stale
[2025-12-04 10:13:51] [WARNING] [HealthMonitor] [HealthMonitor] Event: infer_stale
[2025-12-04 10:13:51] [WARNING] [FailSafeManager] [FailSafeManager] Receive event: infer_stale
[2025-12-04 10:13:51] [WARNING] [HealthMonitor] [HealthMonitor] Event: infer_stale
[2025-12-04 10:13:51] [WARNING] [FailSafeManager] [FailSafeManager] Receive event: infer_stale
[2025-12-04 10:13:51] [WARNING] [HealthMonitor] [HealthMonitor] Event: infer_stale
[2025-12-04 10:13:51] [WARNING] [FailSafeManager] [FailSafeManager] Receive event: infer_stale
[2025-12-04 10:13:51] [WARNING] [FailSafeManager] [FailSafeManager] Receive event: infer_stale
[2025-12-04 10:13:51] [WARNING] [HealthMonitor] [HealthMonitor] Event: infer_stale
[2025-12-04 10:13:51] [WARNING] [HealthMonitor] [HealthMonitor] Event: infer_stale
[2025-12-04 10:13:51] [WARNING] [FailSafeManager] [FailSafeManager] Receive event: infer_stale
[2025-12-04 10:13:51] [WARNING] [HealthMonitor] [HealthMonitor] Event: infer_stale
[2025-12-04 10:13:51] [DEBUG] [AutoRecoveryManager] [AutoRecovery] Not stable enough (0.1s < 2.0s)
[2025-12-04 10:13:51] [WARNING] [FailSafeManager] [FailSafeManager] Receive event: high_cpu
[2025-12-04 10:13:51] [DEBUG] [AutoRecoveryManager] [AutoRecovery] Not stable enough (0.1s < 2.0s)
[2025-12-04 10:13:51] [WARNING] [FailSafeManager] [FailSafeManager] Receive event: infer_stale
[2025-12-04 10:13:51] [WARNING] [HealthMonitor] [HealthMonitor] Event: infer_stale
[2025-12-04 10:13:51] [WARNING] [FailSafeManager] [FailSafeManager] Receive event: infer_stale
[2025-12-04 10:13:51] [WARNING] [HealthMonitor] [HealthMonitor] Event: infer_stale
[2025-12-04 10:13:51] [WARNING] [FailSafeManager] [FailSafeManager] Receive event: infer_stale
[2025-12-04 10:13:51] [WARNING] [HealthMonitor] [HealthMonitor] Event: infer_stale
[2025-12-04 10:13:51] [WARNING] [FailSafeManager] [FailSafeManager] Receive event: infer_stale
[2025-12-04 10:13:51] [WARNING] [HealthMonitor] [HealthMonitor] Event: infer_stale
[2025-12-04 10:13:51] [WARNING] [FailSafeManager] [FailSafeManager] Receive event: infer_stale
[2025-12-04 10:13:51] [WARNING] [HealthMonitor] [HealthMonitor] Event: infer_stale
[2025-12-04 10:13:51] [WARNING] [FailSafeManager] [FailSafeManager] Receive event: infer_stale
[2025-12-04 10:13:51] [WARNING] [HealthMonitor] [HealthMonitor] Event: infer_stale
[2025-12-04 10:13:51] [WARNING] [FailSafeManager] [FailSafeManager] Receive event: infer_stale
[2025-12-04 10:13:51] [WARNING] [HealthMonitor] [HealthMonitor] Event: infer_stale
[2025-12-04 10:13:51] [WARNING] [FailSafeManager] [FailSafeManager] Receive event: infer_stale
[2025-12-04 10:13:51] [WARNING] [HealthMonitor] [HealthMonitor] Event: infer_stale
[2025-12-04 10:13:51] [WARNING] [FailSafeManager] [FailSafeManager] Receive event: infer_stale
[2025-12-04 10:13:51] [WARNING] [HealthMonitor] [HealthMonitor] Event: infer_stale
[2025-12-04 10:13:51] [WARNING] [FailSafeManager] [FailSafeManager] Receive event: infer_stale
[2025-12-04 10:13:51] [WARNING] [HealthMonitor] [HealthMonitor] Event: infer_stale
[2025-12-04 10:13:51] [WARNING] [FailSafeManager] [FailSafeManager] Receive event: infer_stale
[2025-12-04 10:13:51] [WARNING] [HealthMonitor] [HealthMonitor] Event: infer_stale
[2025-12-04 10:13:52] [WARNING] [FailSafeManager] [FailSafeManager] Receive event: infer_stale
[2025-12-04 10:13:52] [WARNING] [HealthMonitor] [HealthMonitor] Event: infer_stale
[2025-12-04 10:13:52] [WARNING] [FailSafeManager] [FailSafeManager] Receive event: infer_stale
[2025-12-04 10:13:52] [WARNING] [HealthMonitor] [HealthMonitor] Event: infer_stale
[2025-12-04 10:13:52] [WARNING] [FailSafeManager] [FailSafeManager] Receive event: infer_stale
[2025-12-04 10:13:52] [WARNING] [HealthMonitor] [HealthMonitor] Event: infer_stale
[2025-12-04 10:13:52] [WARNING] [FailSafeManager] [FailSafeManager] Receive event: infer_stale
[2025-12-04 10:13:52] [WARNING] [HealthMonitor] [HealthMonitor] Event: infer_stale
[2025-12-04 10:13:52] [WARNING] [FailSafeManager] [FailSafeManager] Receive event: infer_stale
[2025-12-04 10:13:52] [WARNING] [HealthMonitor] [HealthMonitor] Event: infer_stale
[2025-12-04 10:13:52] [WARNING] [FailSafeManager] [FailSafeManager] Receive event: infer_stale
[2025-12-04 10:13:52] [WARNING] [HealthMonitor] [HealthMonitor] Event: infer_stale
[2025-12-04 10:13:52] [WARNING] [FailSafeManager] [FailSafeManager] Receive event: infer_stale
[2025-12-04 10:13:52] [WARNING] [HealthMonitor] [HealthMonitor] Event: infer_stale
[2025-12-04 10:13:52] [WARNING] [FailSafeManager] [FailSafeManager] Receive event: infer_stale
[2025-12-04 10:13:52] [WARNING] [HealthMonitor] [HealthMonitor] Event: infer_stale
[2025-12-04 10:13:52] [DEBUG] [AutoRecoveryManager] [AutoRecovery] Not stable enough (0.0s < 2.0s)
[2025-12-04 10:13:52] [DEBUG] [AutoRecoveryManager] [AutoRecovery] Not stable enough (0.1s < 2.0s)
[2025-12-04 10:13:52] [WARNING] [FailSafeManager] [FailSafeManager] Receive event: infer_stale
[2025-12-04 10:13:52] [WARNING] [HealthMonitor] [HealthMonitor] Event: infer_stale
[2025-12-04 10:13:52] [WARNING] [FailSafeManager] [FailSafeManager] Receive event: thread_hang
[2025-12-04 10:13:52] [DEBUG] [AutoRecoveryManager] [AutoRecovery] Not stable enough (0.0s < 2.0s)[2025-12-04 10:15:28] [WARNING] [FailSafeManager] [FailSafeManager] Receive event: infer_stale

------------------------------ Captured log call -------------------------------
DEBUG    HealthMonitor:health_monitor.py:89 Event callback set
INFO     FailSafeManager:fail_safe_manager.py:68 [FailSafeManager] attached to HealthMonitor
DEBUG    HealthMonitor:health_monitor.py:133 [HealthMonitor] run loop started
WARNING  FailSafeManager:fail_safe_manager.py:87 [FailSafeManager] Receive event: infer_stale
WARNING  HealthMonitor:health_monitor.py:129 [HealthMonitor] Event: infer_stale
INFO     HealthMonitor:health_monitor.py:97 [HealthMonitor] started
DEBUG    AutoRecoveryManager:auto_recovery.py:78 [AutoRecovery] run loop started
INFO     AutoRecoveryManager:auto_recovery.py:61 [AutoRecovery] started (stable_duration=2.0s, check_interval=0.5s)
DEBUG    AutoRecoveryManager:auto_recovery.py:124 [AutoRecovery] Not stable enough (0.0s < 2.0s)
WARNING  FailSafeManager:fail_safe_manager.py:87 [FailSafeManager] Receive event: camera_stale
WARNING  FailSafeManager:fail_safe_manager.py:87 [FailSafeManager] Receive event: infer_stale
WARNING  HealthMonitor:health_monitor.py:129 [HealthMonitor] Event: infer_stale
WARNING  FailSafeManager:fail_safe_manager.py:87 [FailSafeManager] Receive event: infer_stale
WARNING  HealthMonitor:health_monitor.py:129 [HealthMonitor] Event: infer_stale
WARNING  FailSafeManager:fail_safe_manager.py:87 [FailSafeManager] Receive event: infer_stale
WARNING  HealthMonitor:health_monitor.py:129 [HealthMonitor] Event: infer_stale
WARNING  FailSafeManager:fail_safe_manager.py:87 [FailSafeManager] Receive event: infer_stale
WARNING  HealthMonitor:health_monitor.py:129 [HealthMonitor] Event: infer_stale
DEBUG    AutoRecoveryManager:auto_recovery.py:124 [AutoRecovery] Not stable enough (0.0s < 5.0s)
WARNING  FailSafeManager:fail_safe_manager.py:87 [FailSafeManager] Receive event: infer_stale
WARNING  HealthMonitor:health_monitor.py:129 [HealthMonitor] Event: infer_stale
WARNING  FailSafeManager:fail_safe_manager.py:87 [FailSafeManager] Receive event: infer_stale
WARNING  HealthMonitor:health_monitor.py:129 [HealthMonitor] Event: infer_stale
WARNING  FailSafeManager:fail_safe_manager.py:87 [FailSafeManager] Receive event: infer_stale
WARNING  HealthMonitor:health_monitor.py:129 [HealthMonitor] Event: infer_stale
WARNING  FailSafeManager:fail_safe_manager.py:87 [FailSafeManager] Receive event: infer_stale
WARNING  HealthMonitor:health_monitor.py:129 [HealthMonitor] Event: infer_stale
WARNING  FailSafeManager:fail_safe_manager.py:87 [FailSafeManager] Receive event: infer_stale
WARNING  HealthMonitor:health_monitor.py:129 [HealthMonitor] Event: infer_stale
WARNING  FailSafeManager:fail_safe_manager.py:87 [FailSafeManager] Receive event: infer_stale
WARNING  HealthMonitor:health_monitor.py:129 [HealthMonitor] Event: infer_stale
WARNING  FailSafeManager:fail_safe_manager.py:87 [FailSafeManager] Receive event: infer_stale
WARNING  FailSafeManager:fail_safe_manager.py:87 [FailSafeManager] Receive event: infer_stale
WARNING  HealthMonitor:health_monitor.py:129 [HealthMonitor] Event: infer_stale
WARNING  HealthMonitor:health_monitor.py:129 [HealthMonitor] Event: infer_stale
WARNING  FailSafeManager:fail_safe_manager.py:87 [FailSafeManager] Receive event: infer_stale
WARNING  HealthMonitor:health_monitor.py:129 [HealthMonitor] Event: infer_stale
WARNING  FailSafeManager:fail_safe_manager.py:87 [FailSafeManager] Receive event: infer_stale
WARNING  HealthMonitor:health_monitor.py:129 [HealthMonitor] Event: infer_stale
WARNING  FailSafeManager:fail_safe_manager.py:87 [FailSafeManager] Receive event: infer_stale
WARNING  FailSafeManager:fail_safe_manager.py:87 [FailSafeManager] Receive event: infer_stale
WARNING  HealthMonitor:health_monitor.py:129 [HealthMonitor] Event: infer_stale
WARNING  HealthMonitor:health_monitor.py:129 [HealthMonitor] Event: infer_stale
WARNING  FailSafeManager:fail_safe_manager.py:87 [FailSafeManager] Receive event: infer_stale
WARNING  HealthMonitor:health_monitor.py:129 [HealthMonitor] Event: infer_stale
DEBUG    AutoRecoveryManager:auto_recovery.py:124 [AutoRecovery] Not stable enough (0.1s < 2.0s)
WARNING  FailSafeManager:fail_safe_manager.py:87 [FailSafeManager] Receive event: high_cpu
DEBUG    AutoRecoveryManager:auto_recovery.py:124 [AutoRecovery] Not stable enough (0.1s < 2.0s)
WARNING  FailSafeManager:fail_safe_manager.py:87 [FailSafeManager] Receive event: infer_stale
WARNING  HealthMonitor:health_monitor.py:129 [HealthMonitor] Event: infer_stale
WARNING  FailSafeManager:fail_safe_manager.py:87 [FailSafeManager] Receive event: infer_stale
WARNING  HealthMonitor:health_monitor.py:129 [HealthMonitor] Event: infer_stale
WARNING  FailSafeManager:fail_safe_manager.py:87 [FailSafeManager] Receive event: infer_stale
WARNING  HealthMonitor:health_monitor.py:129 [HealthMonitor] Event: infer_stale
WARNING  FailSafeManager:fail_safe_manager.py:87 [FailSafeManager] Receive event: infer_stale
WARNING  HealthMonitor:health_monitor.py:129 [HealthMonitor] Event: infer_stale
WARNING  FailSafeManager:fail_safe_manager.py:87 [FailSafeManager] Receive event: infer_stale
WARNING  HealthMonitor:health_monitor.py:129 [HealthMonitor] Event: infer_stale
WARNING  FailSafeManager:fail_safe_manager.py:87 [FailSafeManager] Receive event: infer_stale
WARNING  HealthMonitor:health_monitor.py:129 [HealthMonitor] Event: infer_stale
WARNING  FailSafeManager:fail_safe_manager.py:87 [FailSafeManager] Receive event: infer_stale
WARNING  HealthMonitor:health_monitor.py:129 [HealthMonitor] Event: infer_stale
WARNING  FailSafeManager:fail_safe_manager.py:87 [FailSafeManager] Receive event: infer_stale
WARNING  HealthMonitor:health_monitor.py:129 [HealthMonitor] Event: infer_stale
WARNING  FailSafeManager:fail_safe_manager.py:87 [FailSafeManager] Receive event: infer_stale
WARNING  HealthMonitor:health_monitor.py:129 [HealthMonitor] Event: infer_stale
WARNING  FailSafeManager:fail_safe_manager.py:87 [FailSafeManager] Receive event: infer_stale
WARNING  HealthMonitor:health_monitor.py:129 [HealthMonitor] Event: infer_stale
WARNING  FailSafeManager:fail_safe_manager.py:87 [FailSafeManager] Receive event: infer_stale
WARNING  HealthMonitor:health_monitor.py:129 [HealthMonitor] Event: infer_stale
WARNING  FailSafeManager:fail_safe_manager.py:87 [FailSafeManager] Receive event: infer_stale
WARNING  HealthMonitor:health_monitor.py:129 [HealthMonitor] Event: infer_stale
WARNING  FailSafeManager:fail_safe_manager.py:87 [FailSafeManager] Receive event: infer_stale
WARNING  HealthMonitor:health_monitor.py:129 [HealthMonitor] Event: infer_stale
WARNING  FailSafeManager:fail_safe_manager.py:87 [FailSafeManager] Receive event: infer_stale
WARNING  HealthMonitor:health_monitor.py:129 [HealthMonitor] Event: infer_stale
WARNING  FailSafeManager:fail_safe_manager.py:87 [FailSafeManager] Receive event: infer_stale
WARNING  HealthMonitor:health_monitor.py:129 [HealthMonitor] Event: infer_stale
WARNING  FailSafeManager:fail_safe_manager.py:87 [FailSafeManager] Receive event: infer_stale
WARNING  HealthMonitor:health_monitor.py:129 [HealthMonitor] Event: infer_stale
WARNING  FailSafeManager:fail_safe_manager.py:87 [FailSafeManager] Receive event: infer_stale
WARNING  HealthMonitor:health_monitor.py:129 [HealthMonitor] Event: infer_stale
WARNING  FailSafeManager:fail_safe_manager.py:87 [FailSafeManager] Receive event: infer_stale
WARNING  HealthMonitor:health_monitor.py:129 [HealthMonitor] Event: infer_stale
WARNING  FailSafeManager:fail_safe_manager.py:87 [FailSafeManager] Receive event: infer_stale
WARNING  HealthMonitor:health_monitor.py:129 [HealthMonitor] Event: infer_stale
DEBUG    AutoRecoveryManager:auto_recovery.py:124 [AutoRecovery] Not stable enough (0.0s < 2.0s)
DEBUG    AutoRecoveryManager:auto_recovery.py:124 [AutoRecovery] Not stable enough (0.1s < 2.0s)
WARNING  FailSafeManager:fail_safe_manager.py:87 [FailSafeManager] Receive event: infer_stale
WARNING  HealthMonitor:health_monitor.py:129 [HealthMonitor] Event: infer_stale
WARNING  FailSafeManager:fail_safe_manager.py:87 [FailSafeManager] Receive event: thread_hang
DEBUG    AutoRecoveryManager:auto_recovery.py:124 [AutoRecovery] Not stable enough (0.0s < 2.0s)
--------------------------- Captured stderr teardown ---------------------------
[2025-12-04 10:13:52] [WARNING] [ThreadController] [ThreadController] Stopping all speed workers...
[2025-12-04 10:13:52] [INFO] [SpeedThreadPool] Stopping 0 workers...
---------------------------- Captured log teardown -----------------------------
WARNING  ThreadController:thread_controller.py:44 [ThreadController] Stopping all speed workers...
INFO     SpeedThreadPool:speed_thread_pool.py:43 Stopping 0 workers...
- generated xml file: /Users/luanlei/Desktop/Luna-2/luna_badge_v1_2/tests/qa_1_4_1/test_results.xml -
=========================== short test summary info ============================
FAILED tests/qa_1_4_1/test_integration_stress.py::TestIntegrationStress::test_it_01_rapid_event_injection - AssertionError: 节流应该生效
assert 68 < 60
FAILED tests/qa_1_4_1/test_integration_stress.py::TestIntegrationStress::test_it_02_long_running - NameError: name 'HealthEvent' is not defined
FAILED tests/qa_1_4_1/test_scenarios.py::TestScenarios::test_sc_01_normal_to_emergency_to_recovery_flow - AssertionError: 初始状态应该是 normal
assert 'safe' == 'normal'
  
  - normal
  + safe
FAILED tests/qa_1_4_1/test_scenarios.py::TestScenarios::test_sc_02_chain_anomalies - AssertionError: 应该进入 safe 模式
assert 'normal' == 'safe'
  
  - safe
  + normal
=================== 4 failed, 38 passed in 219.67s (0:03:39) ===================
