<?xml version="1.0" encoding="utf-8"?><testsuites name="pytest tests"><testsuite name="pytest" errors="0" failures="4" skipped="0" tests="42" time="219.663" timestamp="2025-12-04T10:11:48.717894+08:00" hostname="deandeMacBook-Pro.local"><testcase classname="test_auto_recovery.TestAutoRecovery" name="test_ar_01_normal_recovery" time="3.013" /><testcase classname="test_auto_recovery.TestAutoRecovery" name="test_ar_02_recovery_reset" time="5.021" /><testcase classname="test_auto_recovery.TestAutoRecovery" name="test_ar_03_disabled_recovery" time="2.006" /><testcase classname="test_config.TestConfig" name="test_cfg_01_stable_duration_config" time="3.508" /><testcase classname="test_config.TestConfig" name="test_cfg_02_auto_restart_enabled" time="0.003" /><testcase classname="test_degraded_hooks.TestDegradedHooks" name="test_dg_01_model_force_degrade" time="0.003" /><testcase classname="test_degraded_hooks.TestDegradedHooks" name="test_dg_02_ocr_pause" time="0.003" /><testcase classname="test_degraded_hooks.TestDegradedHooks" name="test_dg_03_restore" time="0.002" /><testcase classname="test_emergency_voice.TestEmergencyVoice" name="test_ev_01_emergency_auto_playback" time="0.107" /><testcase classname="test_emergency_voice.TestEmergencyVoice" name="test_ev_02_playback_throttle" time="0.524" /><testcase classname="test_emergency_voice.TestEmergencyVoice" name="test_ev_03_tts_not_available" time="0.002" /><testcase classname="test_emergency_voice_tts" name="test_emergency_voice_single_play" time="0.003" /><testcase classname="test_emergency_voice_tts" name="test_emergency_voice_throttle" time="2.108" /><testcase classname="test_emergency_voice_tts" name="test_emergency_voice_no_tts_manager" time="0.003" /><testcase classname="test_entry" name="test_camera_stale_emergency" time="0.210" /><testcase classname="test_entry" name="test_high_cpu_degraded" time="0.106" /><testcase classname="test_entry" name="test_emergency_voice_throttle" time="0.207" /><testcase classname="test_entry" name="test_auto_recovery" time="3.010" /><testcase classname="test_entry" name="test_recovery_resets_when_new_error" time="5.011" /><testcase classname="test_fail_safe_manager.TestFailSafeManager" name="test_fsm_01_emergency_mode_trigger" time="0.005" /><testcase classname="test_fail_safe_manager.TestFailSafeManager" name="test_fsm_02_degraded_mode_trigger" time="0.003" /><testcase classname="test_fail_safe_manager.TestFailSafeManager" name="test_fsm_03_repeat_trigger_throttle" time="1.051" /><testcase classname="test_fail_safe_manager.TestFailSafeManager" name="test_fsm_04_recovery" time="0.004" /><testcase classname="test_health_monitor.TestHealthMonitor" name="test_hm_01_normal_heartbeat" time="2.009" /><testcase classname="test_health_monitor.TestHealthMonitor" name="test_hm_02_camera_stale_detection" time="1.009" /><testcase classname="test_health_monitor.TestHealthMonitor" name="test_hm_03_infer_stale_detection" time="1.008" /><testcase classname="test_health_monitor.TestHealthMonitor" name="test_hm_04_cpu_mem_high_pressure" time="2.006" /><testcase classname="test_hooks" name="test_degraded_hooks_switch_model" time="0.004" /><testcase classname="test_hooks" name="test_degraded_hooks_restore" time="0.003" /><testcase classname="test_integration_stress.TestIntegrationStress" name="test_it_01_rapid_event_injection" time="30.257"><failure message="AssertionError: 节流应该生效&#10;assert 68 &lt; 60">tests/qa_1_4_1/test_integration_stress.py:60: in test_it_01_rapid_event_injection
    assert emergency_voice_calls &lt; injector.get_stats()["injected_count"], "节流应该生效"
E   AssertionError: 节流应该生效
E   assert 68 &lt; 60</failure></testcase><testcase classname="test_integration_stress.TestIntegrationStress" name="test_it_02_long_running" time="0.001"><failure message="NameError: name 'HealthEvent' is not defined">tests/qa_1_4_1/test_integration_stress.py:104: in test_it_02_long_running
    injector.inject(HealthEvent.CAMERA_STALE)
E   NameError: name 'HealthEvent' is not defined</failure></testcase><testcase classname="test_memory_leak" name="test_memory_leak_trend" time="60.107" /><testcase classname="test_scenarios.TestScenarios" name="test_sc_01_normal_to_emergency_to_recovery_flow" time="0.004"><failure message="AssertionError: 初始状态应该是 normal&#10;assert 'safe' == 'normal'&#10;  &#10;  - normal&#10;  + safe">tests/qa_1_4_1/test_scenarios.py:43: in test_sc_01_normal_to_emergency_to_recovery_flow
    assert SpeedContext.get_mode() == "normal", "初始状态应该是 normal"
E   AssertionError: 初始状态应该是 normal
E   assert 'safe' == 'normal'
E     
E     - normal
E     + safe</failure></testcase><testcase classname="test_scenarios.TestScenarios" name="test_sc_02_chain_anomalies" time="1.013"><failure message="AssertionError: 应该进入 safe 模式&#10;assert 'normal' == 'safe'&#10;  &#10;  - safe&#10;  + normal">tests/qa_1_4_1/test_scenarios.py:105: in test_sc_02_chain_anomalies
    assert SpeedContext.get_mode() == "safe", "应该进入 safe 模式"
E   AssertionError: 应该进入 safe 模式
E   assert 'normal' == 'safe'
E     
E     - safe
E     + normal</failure></testcase><testcase classname="test_soft_restart_boundary" name="test_auto_restart_flag_default_false" time="0.001" /><testcase classname="test_soft_restart_boundary" name="test_soft_restart_no_effect_for_now" time="0.001" /><testcase classname="test_speed_engine.TestSpeedEngine" name="test_se_01_camera_worker_normal" time="1.576" /><testcase classname="test_speed_engine.TestSpeedEngine" name="test_se_02_vision_infer_worker_normal" time="1.044" /><testcase classname="test_speed_engine.TestSpeedEngine" name="test_se_03_worker_timeout_simulation" time="1.007" /><testcase classname="test_speed_engine.TestSpeedEngine" name="test_se_04_multithread_competition" time="0.123" /><testcase classname="test_stress_longrun" name="test_stress_random_events_30s" time="31.096" /><testcase classname="test_stress_longrun" name="test_longrun_state_stability" time="61.292" /></testsuite></testsuites>